2024-10-25 21:45:27,755 [Worker-5: Loading available Gradle versions] INFO  o.e.b.c.i.u.g.PublishedGradleVersions - Gradle version information cache is up-to-date. Trying to read.
2024-10-25 21:50:25,085 [Worker-8: Launching mavenrun-5e5163d0-29c1-4e5d-8ac8-8a00a06bb3e1] INFO  o.eclipse.m2e.core.internal.Bundles - getClasspathEntries(Bundle=org.eclipse.m2e.maven.runtime_3.9.900.20240824-1409 [642])
2024-10-25 21:50:25,087 [Worker-8: Launching mavenrun-5e5163d0-29c1-4e5d-8ac8-8a00a06bb3e1] INFO  o.eclipse.m2e.core.internal.Bundles - 	Entry: /Applications/Eclipse.app/Contents/Eclipse/plugins/org.eclipse.m2e.maven.runtime_3.9.900.20240824-1409
2024-10-25 21:50:25,087 [Worker-8: Launching mavenrun-5e5163d0-29c1-4e5d-8ac8-8a00a06bb3e1] INFO  o.eclipse.m2e.core.internal.Bundles - 	Entry: /Applications/Eclipse.app/Contents/Eclipse/plugins/org.eclipse.m2e.maven.runtime_3.9.900.20240824-1409/jars/aopalliance-1.0.jar
2024-10-25 21:50:25,087 [Worker-8: Launching mavenrun-5e5163d0-29c1-4e5d-8ac8-8a00a06bb3e1] INFO  o.eclipse.m2e.core.internal.Bundles - 	Entry: /Applications/Eclipse.app/Contents/Eclipse/plugins/org.eclipse.m2e.maven.runtime_3.9.900.20240824-1409/jars/guice-5.1.0.jar
2024-10-25 21:50:25,087 [Worker-8: Launching mavenrun-5e5163d0-29c1-4e5d-8ac8-8a00a06bb3e1] INFO  o.eclipse.m2e.core.internal.Bundles - 	Entry: /Applications/Eclipse.app/Contents/Eclipse/plugins/org.eclipse.m2e.maven.runtime_3.9.900.20240824-1409/jars/httpclient-4.5.14.jar
2024-10-25 21:50:25,087 [Worker-8: Launching mavenrun-5e5163d0-29c1-4e5d-8ac8-8a00a06bb3e1] INFO  o.eclipse.m2e.core.internal.Bundles - 	Entry: /Applications/Eclipse.app/Contents/Eclipse/plugins/org.eclipse.m2e.maven.runtime_3.9.900.20240824-1409/jars/httpcore-4.4.16.jar
2024-10-25 21:50:25,087 [Worker-8: Launching mavenrun-5e5163d0-29c1-4e5d-8ac8-8a00a06bb3e1] INFO  o.eclipse.m2e.core.internal.Bundles - 	Entry: /Applications/Eclipse.app/Contents/Eclipse/plugins/org.eclipse.m2e.maven.runtime_3.9.900.20240824-1409/jars/jansi-2.4.1.jar
2024-10-25 21:50:25,087 [Worker-8: Launching mavenrun-5e5163d0-29c1-4e5d-8ac8-8a00a06bb3e1] INFO  o.eclipse.m2e.core.internal.Bundles - 	Entry: /Applications/Eclipse.app/Contents/Eclipse/plugins/org.eclipse.m2e.maven.runtime_3.9.900.20240824-1409/jars/jcl-over-slf4j-1.7.36.jar
2024-10-25 21:50:25,087 [Worker-8: Launching mavenrun-5e5163d0-29c1-4e5d-8ac8-8a00a06bb3e1] INFO  o.eclipse.m2e.core.internal.Bundles - 	Entry: /Applications/Eclipse.app/Contents/Eclipse/plugins/org.eclipse.m2e.maven.runtime_3.9.900.20240824-1409/jars/maven-artifact-3.9.9.jar
2024-10-25 21:50:25,087 [Worker-8: Launching mavenrun-5e5163d0-29c1-4e5d-8ac8-8a00a06bb3e1] INFO  o.eclipse.m2e.core.internal.Bundles - 	Entry: /Applications/Eclipse.app/Contents/Eclipse/plugins/org.eclipse.m2e.maven.runtime_3.9.900.20240824-1409/jars/maven-builder-support-3.9.9.jar
2024-10-25 21:50:25,087 [Worker-8: Launching mavenrun-5e5163d0-29c1-4e5d-8ac8-8a00a06bb3e1] INFO  o.eclipse.m2e.core.internal.Bundles - 	Entry: /Applications/Eclipse.app/Contents/Eclipse/plugins/org.eclipse.m2e.maven.runtime_3.9.900.20240824-1409/jars/maven-compat-3.9.9.jar
2024-10-25 21:50:25,087 [Worker-8: Launching mavenrun-5e5163d0-29c1-4e5d-8ac8-8a00a06bb3e1] INFO  o.eclipse.m2e.core.internal.Bundles - 	Entry: /Applications/Eclipse.app/Contents/Eclipse/plugins/org.eclipse.m2e.maven.runtime_3.9.900.20240824-1409/jars/maven-core-3.9.9.jar
2024-10-25 21:50:25,087 [Worker-8: Launching mavenrun-5e5163d0-29c1-4e5d-8ac8-8a00a06bb3e1] INFO  o.eclipse.m2e.core.internal.Bundles - 	Entry: /Applications/Eclipse.app/Contents/Eclipse/plugins/org.eclipse.m2e.maven.runtime_3.9.900.20240824-1409/jars/maven-embedder-3.9.9.jar
2024-10-25 21:50:25,087 [Worker-8: Launching mavenrun-5e5163d0-29c1-4e5d-8ac8-8a00a06bb3e1] INFO  o.eclipse.m2e.core.internal.Bundles - 	Entry: /Applications/Eclipse.app/Contents/Eclipse/plugins/org.eclipse.m2e.maven.runtime_3.9.900.20240824-1409/jars/maven-model-3.9.9.jar
2024-10-25 21:50:25,087 [Worker-8: Launching mavenrun-5e5163d0-29c1-4e5d-8ac8-8a00a06bb3e1] INFO  o.eclipse.m2e.core.internal.Bundles - 	Entry: /Applications/Eclipse.app/Contents/Eclipse/plugins/org.eclipse.m2e.maven.runtime_3.9.900.20240824-1409/jars/maven-model-builder-3.9.9.jar
2024-10-25 21:50:25,087 [Worker-8: Launching mavenrun-5e5163d0-29c1-4e5d-8ac8-8a00a06bb3e1] INFO  o.eclipse.m2e.core.internal.Bundles - 	Entry: /Applications/Eclipse.app/Contents/Eclipse/plugins/org.eclipse.m2e.maven.runtime_3.9.900.20240824-1409/jars/maven-plugin-api-3.9.9.jar
2024-10-25 21:50:25,087 [Worker-8: Launching mavenrun-5e5163d0-29c1-4e5d-8ac8-8a00a06bb3e1] INFO  o.eclipse.m2e.core.internal.Bundles - 	Entry: /Applications/Eclipse.app/Contents/Eclipse/plugins/org.eclipse.m2e.maven.runtime_3.9.900.20240824-1409/jars/maven-repository-metadata-3.9.9.jar
2024-10-25 21:50:25,087 [Worker-8: Launching mavenrun-5e5163d0-29c1-4e5d-8ac8-8a00a06bb3e1] INFO  o.eclipse.m2e.core.internal.Bundles - 	Entry: /Applications/Eclipse.app/Contents/Eclipse/plugins/org.eclipse.m2e.maven.runtime_3.9.900.20240824-1409/jars/maven-resolver-api-1.9.22.jar
2024-10-25 21:50:25,087 [Worker-8: Launching mavenrun-5e5163d0-29c1-4e5d-8ac8-8a00a06bb3e1] INFO  o.eclipse.m2e.core.internal.Bundles - 	Entry: /Applications/Eclipse.app/Contents/Eclipse/plugins/org.eclipse.m2e.maven.runtime_3.9.900.20240824-1409/jars/maven-resolver-connector-basic-1.9.22.jar
2024-10-25 21:50:25,087 [Worker-8: Launching mavenrun-5e5163d0-29c1-4e5d-8ac8-8a00a06bb3e1] INFO  o.eclipse.m2e.core.internal.Bundles - 	Entry: /Applications/Eclipse.app/Contents/Eclipse/plugins/org.eclipse.m2e.maven.runtime_3.9.900.20240824-1409/jars/maven-resolver-impl-1.9.22.jar
2024-10-25 21:50:25,087 [Worker-8: Launching mavenrun-5e5163d0-29c1-4e5d-8ac8-8a00a06bb3e1] INFO  o.eclipse.m2e.core.internal.Bundles - 	Entry: /Applications/Eclipse.app/Contents/Eclipse/plugins/org.eclipse.m2e.maven.runtime_3.9.900.20240824-1409/jars/maven-resolver-named-locks-1.9.22.jar
2024-10-25 21:50:25,087 [Worker-8: Launching mavenrun-5e5163d0-29c1-4e5d-8ac8-8a00a06bb3e1] INFO  o.eclipse.m2e.core.internal.Bundles - 	Entry: /Applications/Eclipse.app/Contents/Eclipse/plugins/org.eclipse.m2e.maven.runtime_3.9.900.20240824-1409/jars/maven-resolver-provider-3.9.9.jar
2024-10-25 21:50:25,087 [Worker-8: Launching mavenrun-5e5163d0-29c1-4e5d-8ac8-8a00a06bb3e1] INFO  o.eclipse.m2e.core.internal.Bundles - 	Entry: /Applications/Eclipse.app/Contents/Eclipse/plugins/org.eclipse.m2e.maven.runtime_3.9.900.20240824-1409/jars/maven-resolver-spi-1.9.22.jar
2024-10-25 21:50:25,087 [Worker-8: Launching mavenrun-5e5163d0-29c1-4e5d-8ac8-8a00a06bb3e1] INFO  o.eclipse.m2e.core.internal.Bundles - 	Entry: /Applications/Eclipse.app/Contents/Eclipse/plugins/org.eclipse.m2e.maven.runtime_3.9.900.20240824-1409/jars/maven-resolver-transport-file-1.9.22.jar
2024-10-25 21:50:25,087 [Worker-8: Launching mavenrun-5e5163d0-29c1-4e5d-8ac8-8a00a06bb3e1] INFO  o.eclipse.m2e.core.internal.Bundles - 	Entry: /Applications/Eclipse.app/Contents/Eclipse/plugins/org.eclipse.m2e.maven.runtime_3.9.900.20240824-1409/jars/maven-resolver-transport-http-1.9.22.jar
2024-10-25 21:50:25,087 [Worker-8: Launching mavenrun-5e5163d0-29c1-4e5d-8ac8-8a00a06bb3e1] INFO  o.eclipse.m2e.core.internal.Bundles - 	Entry: /Applications/Eclipse.app/Contents/Eclipse/plugins/org.eclipse.m2e.maven.runtime_3.9.900.20240824-1409/jars/maven-resolver-transport-wagon-1.9.22.jar
2024-10-25 21:50:25,087 [Worker-8: Launching mavenrun-5e5163d0-29c1-4e5d-8ac8-8a00a06bb3e1] INFO  o.eclipse.m2e.core.internal.Bundles - 	Entry: /Applications/Eclipse.app/Contents/Eclipse/plugins/org.eclipse.m2e.maven.runtime_3.9.900.20240824-1409/jars/maven-resolver-util-1.9.22.jar
2024-10-25 21:50:25,087 [Worker-8: Launching mavenrun-5e5163d0-29c1-4e5d-8ac8-8a00a06bb3e1] INFO  o.eclipse.m2e.core.internal.Bundles - 	Entry: /Applications/Eclipse.app/Contents/Eclipse/plugins/org.eclipse.m2e.maven.runtime_3.9.900.20240824-1409/jars/maven-settings-3.9.9.jar
2024-10-25 21:50:25,087 [Worker-8: Launching mavenrun-5e5163d0-29c1-4e5d-8ac8-8a00a06bb3e1] INFO  o.eclipse.m2e.core.internal.Bundles - 	Entry: /Applications/Eclipse.app/Contents/Eclipse/plugins/org.eclipse.m2e.maven.runtime_3.9.900.20240824-1409/jars/maven-settings-builder-3.9.9.jar
2024-10-25 21:50:25,087 [Worker-8: Launching mavenrun-5e5163d0-29c1-4e5d-8ac8-8a00a06bb3e1] INFO  o.eclipse.m2e.core.internal.Bundles - 	Entry: /Applications/Eclipse.app/Contents/Eclipse/plugins/org.eclipse.m2e.maven.runtime_3.9.900.20240824-1409/jars/maven-shared-utils-3.4.2.jar
2024-10-25 21:50:25,087 [Worker-8: Launching mavenrun-5e5163d0-29c1-4e5d-8ac8-8a00a06bb3e1] INFO  o.eclipse.m2e.core.internal.Bundles - 	Entry: /Applications/Eclipse.app/Contents/Eclipse/plugins/org.eclipse.m2e.maven.runtime_3.9.900.20240824-1409/jars/org.eclipse.sisu.inject-0.9.0.M3.jar
2024-10-25 21:50:25,087 [Worker-8: Launching mavenrun-5e5163d0-29c1-4e5d-8ac8-8a00a06bb3e1] INFO  o.eclipse.m2e.core.internal.Bundles - 	Entry: /Applications/Eclipse.app/Contents/Eclipse/plugins/org.eclipse.m2e.maven.runtime_3.9.900.20240824-1409/jars/org.eclipse.sisu.plexus-0.9.0.M3.jar
2024-10-25 21:50:25,087 [Worker-8: Launching mavenrun-5e5163d0-29c1-4e5d-8ac8-8a00a06bb3e1] INFO  o.eclipse.m2e.core.internal.Bundles - 	Entry: /Applications/Eclipse.app/Contents/Eclipse/plugins/org.eclipse.m2e.maven.runtime_3.9.900.20240824-1409/jars/plexus-build-api-0.0.7.jar
2024-10-25 21:50:25,087 [Worker-8: Launching mavenrun-5e5163d0-29c1-4e5d-8ac8-8a00a06bb3e1] INFO  o.eclipse.m2e.core.internal.Bundles - 	Entry: /Applications/Eclipse.app/Contents/Eclipse/plugins/org.eclipse.m2e.maven.runtime_3.9.900.20240824-1409/jars/plexus-build-api-1.2.0.jar
2024-10-25 21:50:25,087 [Worker-8: Launching mavenrun-5e5163d0-29c1-4e5d-8ac8-8a00a06bb3e1] INFO  o.eclipse.m2e.core.internal.Bundles - 	Entry: /Applications/Eclipse.app/Contents/Eclipse/plugins/org.eclipse.m2e.maven.runtime_3.9.900.20240824-1409/jars/plexus-cipher-2.0.jar
2024-10-25 21:50:25,087 [Worker-8: Launching mavenrun-5e5163d0-29c1-4e5d-8ac8-8a00a06bb3e1] INFO  o.eclipse.m2e.core.internal.Bundles - 	Entry: /Applications/Eclipse.app/Contents/Eclipse/plugins/org.eclipse.m2e.maven.runtime_3.9.900.20240824-1409/jars/plexus-classworlds-2.8.0.jar
2024-10-25 21:50:25,087 [Worker-8: Launching mavenrun-5e5163d0-29c1-4e5d-8ac8-8a00a06bb3e1] INFO  o.eclipse.m2e.core.internal.Bundles - 	Entry: /Applications/Eclipse.app/Contents/Eclipse/plugins/org.eclipse.m2e.maven.runtime_3.9.900.20240824-1409/jars/plexus-component-annotations-2.1.0.jar
2024-10-25 21:50:25,087 [Worker-8: Launching mavenrun-5e5163d0-29c1-4e5d-8ac8-8a00a06bb3e1] INFO  o.eclipse.m2e.core.internal.Bundles - 	Entry: /Applications/Eclipse.app/Contents/Eclipse/plugins/org.eclipse.m2e.maven.runtime_3.9.900.20240824-1409/jars/plexus-interpolation-1.27.jar
2024-10-25 21:50:25,088 [Worker-8: Launching mavenrun-5e5163d0-29c1-4e5d-8ac8-8a00a06bb3e1] INFO  o.eclipse.m2e.core.internal.Bundles - 	Entry: /Applications/Eclipse.app/Contents/Eclipse/plugins/org.eclipse.m2e.maven.runtime_3.9.900.20240824-1409/jars/plexus-sec-dispatcher-2.0.jar
2024-10-25 21:50:25,088 [Worker-8: Launching mavenrun-5e5163d0-29c1-4e5d-8ac8-8a00a06bb3e1] INFO  o.eclipse.m2e.core.internal.Bundles - 	Entry: /Applications/Eclipse.app/Contents/Eclipse/plugins/org.eclipse.m2e.maven.runtime_3.9.900.20240824-1409/jars/plexus-utils-3.5.1.jar
2024-10-25 21:50:25,088 [Worker-8: Launching mavenrun-5e5163d0-29c1-4e5d-8ac8-8a00a06bb3e1] INFO  o.eclipse.m2e.core.internal.Bundles - 	Entry: /Applications/Eclipse.app/Contents/Eclipse/plugins/org.eclipse.m2e.maven.runtime_3.9.900.20240824-1409/jars/plexus-xml-3.0.1.jar
2024-10-25 21:50:25,088 [Worker-8: Launching mavenrun-5e5163d0-29c1-4e5d-8ac8-8a00a06bb3e1] INFO  o.eclipse.m2e.core.internal.Bundles - 	Entry: /Applications/Eclipse.app/Contents/Eclipse/plugins/org.eclipse.m2e.maven.runtime_3.9.900.20240824-1409/jars/wagon-file-3.5.3.jar
2024-10-25 21:50:25,088 [Worker-8: Launching mavenrun-5e5163d0-29c1-4e5d-8ac8-8a00a06bb3e1] INFO  o.eclipse.m2e.core.internal.Bundles - 	Entry: /Applications/Eclipse.app/Contents/Eclipse/plugins/org.eclipse.m2e.maven.runtime_3.9.900.20240824-1409/jars/wagon-http-3.5.3.jar
2024-10-25 21:50:25,088 [Worker-8: Launching mavenrun-5e5163d0-29c1-4e5d-8ac8-8a00a06bb3e1] INFO  o.eclipse.m2e.core.internal.Bundles - 	Entry: /Applications/Eclipse.app/Contents/Eclipse/plugins/org.eclipse.m2e.maven.runtime_3.9.900.20240824-1409/jars/wagon-http-shared-3.5.3.jar
2024-10-25 21:50:25,088 [Worker-8: Launching mavenrun-5e5163d0-29c1-4e5d-8ac8-8a00a06bb3e1] INFO  o.eclipse.m2e.core.internal.Bundles - 	Entry: /Applications/Eclipse.app/Contents/Eclipse/plugins/org.eclipse.m2e.maven.runtime_3.9.900.20240824-1409/jars/wagon-provider-api-3.5.3.jar
2024-10-25 21:50:25,089 [Worker-8: Launching mavenrun-5e5163d0-29c1-4e5d-8ac8-8a00a06bb3e1] INFO  o.eclipse.m2e.core.internal.Bundles - getClasspathEntries(Bundle=com.google.guava_33.3.0.jre [16])
2024-10-25 21:50:25,089 [Worker-8: Launching mavenrun-5e5163d0-29c1-4e5d-8ac8-8a00a06bb3e1] INFO  o.eclipse.m2e.core.internal.Bundles - 	Entry: /Applications/Eclipse.app/Contents/Eclipse/plugins/com.google.guava_33.3.0.jre.jar
2024-10-25 21:50:25,089 [Worker-8: Launching mavenrun-5e5163d0-29c1-4e5d-8ac8-8a00a06bb3e1] INFO  o.eclipse.m2e.core.internal.Bundles - getClasspathEntries(Bundle=slf4j.api_2.0.16 [1007])
2024-10-25 21:50:25,089 [Worker-8: Launching mavenrun-5e5163d0-29c1-4e5d-8ac8-8a00a06bb3e1] INFO  o.eclipse.m2e.core.internal.Bundles - 	Entry: /Applications/Eclipse.app/Contents/Eclipse/plugins/slf4j.api_2.0.16.jar
2024-10-25 21:50:25,089 [Worker-8: Launching mavenrun-5e5163d0-29c1-4e5d-8ac8-8a00a06bb3e1] INFO  o.eclipse.m2e.core.internal.Bundles - getClasspathEntries(Bundle=jakarta.inject.jakarta.inject-api_1.0.5 [34])
2024-10-25 21:50:25,089 [Worker-8: Launching mavenrun-5e5163d0-29c1-4e5d-8ac8-8a00a06bb3e1] INFO  o.eclipse.m2e.core.internal.Bundles - 	Entry: /Applications/Eclipse.app/Contents/Eclipse/plugins/jakarta.inject.jakarta.inject-api_1.0.5.jar
2024-10-25 21:50:25,089 [Worker-8: Launching mavenrun-5e5163d0-29c1-4e5d-8ac8-8a00a06bb3e1] INFO  o.eclipse.m2e.core.internal.Bundles - getClasspathEntries(Bundle=jakarta.annotation-api_1.3.5 [29])
2024-10-25 21:50:25,089 [Worker-8: Launching mavenrun-5e5163d0-29c1-4e5d-8ac8-8a00a06bb3e1] INFO  o.eclipse.m2e.core.internal.Bundles - 	Entry: /Applications/Eclipse.app/Contents/Eclipse/plugins/jakarta.annotation-api_1.3.5.jar
2024-10-25 21:50:25,089 [Worker-8: Launching mavenrun-5e5163d0-29c1-4e5d-8ac8-8a00a06bb3e1] INFO  o.eclipse.m2e.core.internal.Bundles - getClasspathEntries(Bundle=org.apache.commons.cli_1.9.0 [78])
2024-10-25 21:50:25,089 [Worker-8: Launching mavenrun-5e5163d0-29c1-4e5d-8ac8-8a00a06bb3e1] INFO  o.eclipse.m2e.core.internal.Bundles - 	Entry: /Applications/Eclipse.app/Contents/Eclipse/plugins/org.apache.commons.cli_1.9.0.jar
2024-10-25 21:50:25,089 [Worker-8: Launching mavenrun-5e5163d0-29c1-4e5d-8ac8-8a00a06bb3e1] INFO  o.eclipse.m2e.core.internal.Bundles - getClasspathEntries(Bundle=org.apache.commons.commons-codec_1.16.0 [81])
2024-10-25 21:50:25,089 [Worker-8: Launching mavenrun-5e5163d0-29c1-4e5d-8ac8-8a00a06bb3e1] INFO  o.eclipse.m2e.core.internal.Bundles - 	Entry: /Applications/Eclipse.app/Contents/Eclipse/plugins/org.apache.commons.commons-codec_1.16.0.jar
2024-10-25 21:50:25,089 [Worker-8: Launching mavenrun-5e5163d0-29c1-4e5d-8ac8-8a00a06bb3e1] INFO  o.eclipse.m2e.core.internal.Bundles - getClasspathEntries(Bundle=com.google.guava.failureaccess_1.0.2 [17])
2024-10-25 21:50:25,089 [Worker-8: Launching mavenrun-5e5163d0-29c1-4e5d-8ac8-8a00a06bb3e1] INFO  o.eclipse.m2e.core.internal.Bundles - 	Entry: /Applications/Eclipse.app/Contents/Eclipse/plugins/com.google.guava.failureaccess_1.0.2.jar
2024-10-25 21:50:25,092 [Worker-8: Launching mavenrun-5e5163d0-29c1-4e5d-8ac8-8a00a06bb3e1] INFO  o.e.m.i.launch.MavenLaunchDelegate - Run build in "/var/folders/px/10ypjww11l74m2t1913snd040000gn/T/m2e-archetypeGenerator1670516755669537802":
2024-10-25 21:50:25,094 [Worker-8: Launching mavenrun-5e5163d0-29c1-4e5d-8ac8-8a00a06bb3e1] INFO  o.e.m.i.launch.MavenLaunchDelegate -  mvn  -DarchetypeGroupId=org.apache.maven.archetypes -DarchetypeArtifactId=maven-archetype-simple -DarchetypeVersion=1.5 -DgroupId=emergenceshelter -DartifactId=shelter-management-system -Dversion=0.0.1-SNAPSHOT -Dpackage=emergenceshelter.management -DoutputDirectory=/Users/ketamagemechu/Documents/EShelterSystem -B -Dstyle.color=always -U archetype:generate
2024-10-25 21:50:27,511 [Worker-20: Creating maven-archetype-simple] INFO  o.e.m.c.i.p.ProjectConfigurationManager - Collecting project info '/pom.xml' /Users/ketamagemechu/Documents/EShelterSystem/shelter-management-system/pom.xml
2024-10-25 21:50:27,708 [Worker-20: Creating maven-archetype-simple] INFO  o.e.m.c.i.l.LifecycleMappingFactory - Using org.eclipse.m2e.jdt.JarLifecycleMapping lifecycle mapping for MavenProject: emergenceshelter:shelter-management-system:0.0.1-SNAPSHOT @ /Users/ketamagemechu/Documents/EShelterSystem/shelter-management-system/pom.xml.
2024-10-25 21:50:27,884 [Worker-20: Creating maven-archetype-simple] INFO  o.e.m.j.i.AbstractJavaProjectConfigurator - Adding source folder /shelter-management-system/src/main/java
2024-10-25 21:50:27,885 [Worker-20: Creating maven-archetype-simple] INFO  o.e.m.j.i.AbstractJavaProjectConfigurator - Adding resource folder /shelter-management-system/src/main/resources
2024-10-25 21:50:27,885 [Worker-20: Creating maven-archetype-simple] INFO  o.e.m.j.i.AbstractJavaProjectConfigurator - Adding source folder /shelter-management-system/src/test/java
2024-10-25 21:50:27,885 [Worker-20: Creating maven-archetype-simple] INFO  o.e.m.j.i.AbstractJavaProjectConfigurator - Adding resource folder /shelter-management-system/src/test/resources
2024-10-25 21:50:27,918 [Worker-20: Creating maven-archetype-simple] INFO  o.e.m.c.i.p.ProjectConfigurationManager - Imported and configured 1 project(s) in 0 sec
2024-10-25 21:50:28,317 [Worker-28: Building] INFO  o.a.m.s.f.DefaultMavenResourcesFiltering - skip non existing resourceDirectory /Users/ketamagemechu/Documents/EShelterSystem/shelter-management-system/src/main/resources
2024-10-25 21:50:28,318 [Worker-28: Building] INFO  o.a.m.s.f.DefaultMavenResourcesFiltering - skip non existing resourceDirectory /Users/ketamagemechu/Documents/EShelterSystem/shelter-management-system/src/test/resources
2024-10-25 21:52:13,638 [Worker-29: Building] INFO  o.a.m.s.f.DefaultMavenResourcesFiltering - skip non existing resourceDirectory /Users/ketamagemechu/Documents/EShelterSystem/shelter-management-system/src/main/resources
2024-10-25 21:52:13,639 [Worker-29: Building] INFO  o.a.m.s.f.DefaultMavenResourcesFiltering - skip non existing resourceDirectory /Users/ketamagemechu/Documents/EShelterSystem/shelter-management-system/src/test/resources
2024-10-25 22:00:23,971 [Worker-29: Building] INFO  o.a.m.s.f.DefaultMavenResourcesFiltering - skip non existing resourceDirectory /Users/ketamagemechu/Documents/EShelterSystem/shelter-management-system/src/main/resources
2024-10-25 22:00:23,972 [Worker-29: Building] INFO  o.a.m.s.f.DefaultMavenResourcesFiltering - skip non existing resourceDirectory /Users/ketamagemechu/Documents/EShelterSystem/shelter-management-system/src/test/resources
2024-10-25 22:03:26,018 [Worker-27: Building] INFO  o.a.m.s.f.DefaultMavenResourcesFiltering - skip non existing resourceDirectory /Users/ketamagemechu/Documents/EShelterSystem/shelter-management-system/src/main/resources
2024-10-25 22:03:26,020 [Worker-27: Building] INFO  o.a.m.s.f.DefaultMavenResourcesFiltering - skip non existing resourceDirectory /Users/ketamagemechu/Documents/EShelterSystem/shelter-management-system/src/test/resources
2024-10-25 22:09:59,594 [Worker-33: Building] INFO  o.a.m.s.f.DefaultMavenResourcesFiltering - skip non existing resourceDirectory /Users/ketamagemechu/Documents/EShelterSystem/shelter-management-system/src/main/resources
2024-10-25 22:09:59,596 [Worker-33: Building] INFO  o.a.m.s.f.DefaultMavenResourcesFiltering - skip non existing resourceDirectory /Users/ketamagemechu/Documents/EShelterSystem/shelter-management-system/src/test/resources
2024-10-25 22:11:47,483 [Worker-33: Building] INFO  o.a.m.s.f.DefaultMavenResourcesFiltering - skip non existing resourceDirectory /Users/ketamagemechu/Documents/EShelterSystem/shelter-management-system/src/main/resources
2024-10-25 22:11:47,484 [Worker-33: Building] INFO  o.a.m.s.f.DefaultMavenResourcesFiltering - skip non existing resourceDirectory /Users/ketamagemechu/Documents/EShelterSystem/shelter-management-system/src/test/resources
2024-10-25 22:13:31,261 [Worker-36: Building] INFO  o.a.m.s.f.DefaultMavenResourcesFiltering - skip non existing resourceDirectory /Users/ketamagemechu/Documents/EShelterSystem/shelter-management-system/src/main/resources
2024-10-25 22:13:31,262 [Worker-36: Building] INFO  o.a.m.s.f.DefaultMavenResourcesFiltering - skip non existing resourceDirectory /Users/ketamagemechu/Documents/EShelterSystem/shelter-management-system/src/test/resources
2024-10-25 22:15:21,439 [Worker-33: Building] INFO  o.a.m.s.f.DefaultMavenResourcesFiltering - skip non existing resourceDirectory /Users/ketamagemechu/Documents/EShelterSystem/shelter-management-system/src/main/resources
2024-10-25 22:15:21,440 [Worker-33: Building] INFO  o.a.m.s.f.DefaultMavenResourcesFiltering - skip non existing resourceDirectory /Users/ketamagemechu/Documents/EShelterSystem/shelter-management-system/src/test/resources
2024-10-25 22:15:43,588 [Worker-29: Building] INFO  o.a.m.s.f.DefaultMavenResourcesFiltering - skip non existing resourceDirectory /Users/ketamagemechu/Documents/EShelterSystem/shelter-management-system/src/main/resources
2024-10-25 22:15:43,589 [Worker-29: Building] INFO  o.a.m.s.f.DefaultMavenResourcesFiltering - skip non existing resourceDirectory /Users/ketamagemechu/Documents/EShelterSystem/shelter-management-system/src/test/resources
2024-10-25 22:16:55,249 [Worker-38: Building] INFO  o.a.m.s.f.DefaultMavenResourcesFiltering - skip non existing resourceDirectory /Users/ketamagemechu/Documents/EShelterSystem/shelter-management-system/src/main/resources
2024-10-25 22:16:55,251 [Worker-38: Building] INFO  o.a.m.s.f.DefaultMavenResourcesFiltering - skip non existing resourceDirectory /Users/ketamagemechu/Documents/EShelterSystem/shelter-management-system/src/test/resources
2024-10-25 22:18:59,452 [Worker-38: Building] INFO  o.a.m.s.f.DefaultMavenResourcesFiltering - skip non existing resourceDirectory /Users/ketamagemechu/Documents/EShelterSystem/shelter-management-system/src/main/resources
2024-10-25 22:18:59,453 [Worker-38: Building] INFO  o.a.m.s.f.DefaultMavenResourcesFiltering - skip non existing resourceDirectory /Users/ketamagemechu/Documents/EShelterSystem/shelter-management-system/src/test/resources
2024-10-25 22:19:41,202 [Worker-37: Building] INFO  o.a.m.s.f.DefaultMavenResourcesFiltering - skip non existing resourceDirectory /Users/ketamagemechu/Documents/EShelterSystem/shelter-management-system/src/main/resources
2024-10-25 22:19:41,203 [Worker-37: Building] INFO  o.a.m.s.f.DefaultMavenResourcesFiltering - skip non existing resourceDirectory /Users/ketamagemechu/Documents/EShelterSystem/shelter-management-system/src/test/resources
2024-10-25 22:20:38,179 [Worker-38: Building] INFO  o.a.m.s.f.DefaultMavenResourcesFiltering - skip non existing resourceDirectory /Users/ketamagemechu/Documents/EShelterSystem/shelter-management-system/src/main/resources
2024-10-25 22:20:38,180 [Worker-38: Building] INFO  o.a.m.s.f.DefaultMavenResourcesFiltering - skip non existing resourceDirectory /Users/ketamagemechu/Documents/EShelterSystem/shelter-management-system/src/test/resources
2024-10-25 22:21:59,590 [Worker-38: Building] INFO  o.a.m.s.f.DefaultMavenResourcesFiltering - skip non existing resourceDirectory /Users/ketamagemechu/Documents/EShelterSystem/shelter-management-system/src/main/resources
2024-10-25 22:21:59,592 [Worker-38: Building] INFO  o.a.m.s.f.DefaultMavenResourcesFiltering - skip non existing resourceDirectory /Users/ketamagemechu/Documents/EShelterSystem/shelter-management-system/src/test/resources
2024-10-25 22:31:55,222 [Worker-41: Building] INFO  o.a.m.s.f.DefaultMavenResourcesFiltering - skip non existing resourceDirectory /Users/ketamagemechu/Documents/EShelterSystem/shelter-management-system/src/main/resources
2024-10-25 22:31:55,223 [Worker-41: Building] INFO  o.a.m.s.f.DefaultMavenResourcesFiltering - skip non existing resourceDirectory /Users/ketamagemechu/Documents/EShelterSystem/shelter-management-system/src/test/resources
2024-10-25 22:34:12,314 [main] INFO  o.e.m.jdt.internal.UnitTestSupport - Updating emergenceshelter.management.app from maven configuration
2024-10-25 22:34:12,405 [main] INFO  o.e.m.c.i.e.AbstractTransferListenerAdapter - Downloading https://repo.maven.apache.org/maven2/org/apache/maven/surefire/surefire-api/3.3.0/surefire-api-3.3.0.pom
2024-10-25 22:34:12,421 [main] INFO  o.e.m.c.i.e.AbstractTransferListenerAdapter - Downloaded https://repo.maven.apache.org/maven2/org/apache/maven/surefire/surefire-api/3.3.0/surefire-api-3.3.0.pom
2024-10-25 22:34:12,434 [main] INFO  o.e.m.c.i.e.AbstractTransferListenerAdapter - Downloading https://repo.maven.apache.org/maven2/org/apache/maven/surefire/surefire-logger-api/3.3.0/surefire-logger-api-3.3.0.pom
2024-10-25 22:34:12,435 [main] INFO  o.e.m.c.i.e.AbstractTransferListenerAdapter - Downloaded https://repo.maven.apache.org/maven2/org/apache/maven/surefire/surefire-logger-api/3.3.0/surefire-logger-api-3.3.0.pom
2024-10-25 22:34:12,445 [main] INFO  o.e.m.c.i.e.AbstractTransferListenerAdapter - Downloading https://repo.maven.apache.org/maven2/org/apache/maven/surefire/surefire-shared-utils/3.3.0/surefire-shared-utils-3.3.0.pom
2024-10-25 22:34:12,445 [main] INFO  o.e.m.c.i.e.AbstractTransferListenerAdapter - Downloaded https://repo.maven.apache.org/maven2/org/apache/maven/surefire/surefire-shared-utils/3.3.0/surefire-shared-utils-3.3.0.pom
2024-10-25 22:34:12,458 [main] INFO  o.e.m.c.i.e.AbstractTransferListenerAdapter - Downloading https://repo.maven.apache.org/maven2/org/apache/maven/surefire/surefire-extensions-api/3.3.0/surefire-extensions-api-3.3.0.pom
2024-10-25 22:34:12,459 [main] INFO  o.e.m.c.i.e.AbstractTransferListenerAdapter - Downloaded https://repo.maven.apache.org/maven2/org/apache/maven/surefire/surefire-extensions-api/3.3.0/surefire-extensions-api-3.3.0.pom
2024-10-25 22:34:12,467 [main] INFO  o.e.m.c.i.e.AbstractTransferListenerAdapter - Downloading https://repo.maven.apache.org/maven2/org/apache/maven/surefire/maven-surefire-common/3.3.0/maven-surefire-common-3.3.0.pom
2024-10-25 22:34:12,472 [main] INFO  o.e.m.c.i.e.AbstractTransferListenerAdapter - Downloaded https://repo.maven.apache.org/maven2/org/apache/maven/surefire/maven-surefire-common/3.3.0/maven-surefire-common-3.3.0.pom
2024-10-25 22:34:12,481 [main] INFO  o.e.m.c.i.e.AbstractTransferListenerAdapter - Downloading https://repo.maven.apache.org/maven2/org/apache/maven/surefire/surefire-booter/3.3.0/surefire-booter-3.3.0.pom
2024-10-25 22:34:12,482 [main] INFO  o.e.m.c.i.e.AbstractTransferListenerAdapter - Downloaded https://repo.maven.apache.org/maven2/org/apache/maven/surefire/surefire-booter/3.3.0/surefire-booter-3.3.0.pom
2024-10-25 22:34:12,489 [main] INFO  o.e.m.c.i.e.AbstractTransferListenerAdapter - Downloading https://repo.maven.apache.org/maven2/org/apache/maven/surefire/surefire-extensions-spi/3.3.0/surefire-extensions-spi-3.3.0.pom
2024-10-25 22:34:12,490 [main] INFO  o.e.m.c.i.e.AbstractTransferListenerAdapter - Downloaded https://repo.maven.apache.org/maven2/org/apache/maven/surefire/surefire-extensions-spi/3.3.0/surefire-extensions-spi-3.3.0.pom
2024-10-25 22:34:12,499 [main] INFO  o.e.m.c.i.e.AbstractTransferListenerAdapter - Downloading https://repo.maven.apache.org/maven2/org/apache/maven/resolver/maven-resolver-util/1.4.1/maven-resolver-util-1.4.1.pom
2024-10-25 22:34:12,499 [main] INFO  o.e.m.c.i.e.AbstractTransferListenerAdapter - Downloaded https://repo.maven.apache.org/maven2/org/apache/maven/resolver/maven-resolver-util/1.4.1/maven-resolver-util-1.4.1.pom
2024-10-25 22:34:12,509 [main] INFO  o.e.m.c.i.e.AbstractTransferListenerAdapter - Downloading https://repo.maven.apache.org/maven2/org/apache/maven/resolver/maven-resolver/1.4.1/maven-resolver-1.4.1.pom
2024-10-25 22:34:12,510 [main] INFO  o.e.m.c.i.e.AbstractTransferListenerAdapter - Downloaded https://repo.maven.apache.org/maven2/org/apache/maven/resolver/maven-resolver/1.4.1/maven-resolver-1.4.1.pom
2024-10-25 22:34:12,521 [main] INFO  o.e.m.c.i.e.AbstractTransferListenerAdapter - Downloading https://repo.maven.apache.org/maven2/org/apache/maven/resolver/maven-resolver-api/1.4.1/maven-resolver-api-1.4.1.pom
2024-10-25 22:34:12,521 [main] INFO  o.e.m.c.i.e.AbstractTransferListenerAdapter - Downloaded https://repo.maven.apache.org/maven2/org/apache/maven/resolver/maven-resolver-api/1.4.1/maven-resolver-api-1.4.1.pom
2024-10-25 22:34:12,531 [main] INFO  o.e.m.c.i.e.AbstractTransferListenerAdapter - Downloading https://repo.maven.apache.org/maven2/org/apache/maven/shared/maven-common-artifact-filters/3.4.0/maven-common-artifact-filters-3.4.0.pom
2024-10-25 22:34:12,531 [main] INFO  o.e.m.c.i.e.AbstractTransferListenerAdapter - Downloaded https://repo.maven.apache.org/maven2/org/apache/maven/shared/maven-common-artifact-filters/3.4.0/maven-common-artifact-filters-3.4.0.pom
2024-10-25 22:34:12,556 [main] INFO  o.e.m.c.i.e.AbstractTransferListenerAdapter - Downloading https://repo.maven.apache.org/maven2/org/apache/maven/surefire/surefire-api/3.3.0/surefire-api-3.3.0.jar
2024-10-25 22:34:12,569 [main] INFO  o.e.m.c.i.e.AbstractTransferListenerAdapter - Downloaded https://repo.maven.apache.org/maven2/org/apache/maven/surefire/surefire-api/3.3.0/surefire-api-3.3.0.jar
2024-10-25 22:34:12,576 [BasicRepositoryConnector-repo.maven.apache.org-0-0] INFO  o.e.m.c.i.e.AbstractTransferListenerAdapter - Downloading https://repo.maven.apache.org/maven2/org/apache/maven/surefire/surefire-logger-api/3.3.0/surefire-logger-api-3.3.0.jar
2024-10-25 22:34:12,577 [BasicRepositoryConnector-repo.maven.apache.org-0-0] INFO  o.e.m.c.i.e.AbstractTransferListenerAdapter - Downloaded https://repo.maven.apache.org/maven2/org/apache/maven/surefire/surefire-logger-api/3.3.0/surefire-logger-api-3.3.0.jar
2024-10-25 22:34:12,586 [BasicRepositoryConnector-repo.maven.apache.org-0-0] INFO  o.e.m.c.i.e.AbstractTransferListenerAdapter - Downloading https://repo.maven.apache.org/maven2/org/apache/maven/surefire/surefire-extensions-spi/3.3.0/surefire-extensions-spi-3.3.0.jar
2024-10-25 22:34:12,587 [BasicRepositoryConnector-repo.maven.apache.org-0-0] INFO  o.e.m.c.i.e.AbstractTransferListenerAdapter - Downloaded https://repo.maven.apache.org/maven2/org/apache/maven/surefire/surefire-extensions-spi/3.3.0/surefire-extensions-spi-3.3.0.jar
2024-10-25 22:34:12,594 [BasicRepositoryConnector-repo.maven.apache.org-0-4] INFO  o.e.m.c.i.e.AbstractTransferListenerAdapter - Downloading https://repo.maven.apache.org/maven2/org/apache/maven/surefire/surefire-booter/3.3.0/surefire-booter-3.3.0.jar
2024-10-25 22:34:12,594 [BasicRepositoryConnector-repo.maven.apache.org-0-2] INFO  o.e.m.c.i.e.AbstractTransferListenerAdapter - Downloading https://repo.maven.apache.org/maven2/org/apache/maven/surefire/surefire-extensions-api/3.3.0/surefire-extensions-api-3.3.0.jar
2024-10-25 22:34:12,594 [BasicRepositoryConnector-repo.maven.apache.org-0-3] INFO  o.e.m.c.i.e.AbstractTransferListenerAdapter - Downloading https://repo.maven.apache.org/maven2/org/apache/maven/surefire/maven-surefire-common/3.3.0/maven-surefire-common-3.3.0.jar
2024-10-25 22:34:12,596 [BasicRepositoryConnector-repo.maven.apache.org-0-1] INFO  o.e.m.c.i.e.AbstractTransferListenerAdapter - Downloading https://repo.maven.apache.org/maven2/org/apache/maven/surefire/surefire-shared-utils/3.3.0/surefire-shared-utils-3.3.0.jar
2024-10-25 22:34:12,596 [BasicRepositoryConnector-repo.maven.apache.org-0-2] INFO  o.e.m.c.i.e.AbstractTransferListenerAdapter - Downloaded https://repo.maven.apache.org/maven2/org/apache/maven/surefire/surefire-extensions-api/3.3.0/surefire-extensions-api-3.3.0.jar
2024-10-25 22:34:12,597 [BasicRepositoryConnector-repo.maven.apache.org-0-0] INFO  o.e.m.c.i.e.AbstractTransferListenerAdapter - Downloading https://repo.maven.apache.org/maven2/org/apache/maven/resolver/maven-resolver-util/1.4.1/maven-resolver-util-1.4.1.jar
2024-10-25 22:34:12,602 [BasicRepositoryConnector-repo.maven.apache.org-0-0] INFO  o.e.m.c.i.e.AbstractTransferListenerAdapter - Downloaded https://repo.maven.apache.org/maven2/org/apache/maven/resolver/maven-resolver-util/1.4.1/maven-resolver-util-1.4.1.jar
2024-10-25 22:34:12,605 [BasicRepositoryConnector-repo.maven.apache.org-0-2] INFO  o.e.m.c.i.e.AbstractTransferListenerAdapter - Downloading https://repo.maven.apache.org/maven2/org/apache/maven/resolver/maven-resolver-api/1.4.1/maven-resolver-api-1.4.1.jar
2024-10-25 22:34:12,607 [BasicRepositoryConnector-repo.maven.apache.org-0-4] INFO  o.e.m.c.i.e.AbstractTransferListenerAdapter - Downloaded https://repo.maven.apache.org/maven2/org/apache/maven/surefire/surefire-booter/3.3.0/surefire-booter-3.3.0.jar
2024-10-25 22:34:12,615 [BasicRepositoryConnector-repo.maven.apache.org-0-0] INFO  o.e.m.c.i.e.AbstractTransferListenerAdapter - Downloading https://repo.maven.apache.org/maven2/org/apache/maven/shared/maven-common-artifact-filters/3.4.0/maven-common-artifact-filters-3.4.0.jar
2024-10-25 22:34:12,616 [BasicRepositoryConnector-repo.maven.apache.org-0-0] INFO  o.e.m.c.i.e.AbstractTransferListenerAdapter - Downloaded https://repo.maven.apache.org/maven2/org/apache/maven/shared/maven-common-artifact-filters/3.4.0/maven-common-artifact-filters-3.4.0.jar
2024-10-25 22:34:12,619 [BasicRepositoryConnector-repo.maven.apache.org-0-2] INFO  o.e.m.c.i.e.AbstractTransferListenerAdapter - Downloaded https://repo.maven.apache.org/maven2/org/apache/maven/resolver/maven-resolver-api/1.4.1/maven-resolver-api-1.4.1.jar
2024-10-25 22:34:12,621 [BasicRepositoryConnector-repo.maven.apache.org-0-3] INFO  o.e.m.c.i.e.AbstractTransferListenerAdapter - Downloaded https://repo.maven.apache.org/maven2/org/apache/maven/surefire/maven-surefire-common/3.3.0/maven-surefire-common-3.3.0.jar
2024-10-25 22:34:12,669 [BasicRepositoryConnector-repo.maven.apache.org-0-1] INFO  o.e.m.c.i.e.AbstractTransferListenerAdapter - Downloaded https://repo.maven.apache.org/maven2/org/apache/maven/surefire/surefire-shared-utils/3.3.0/surefire-shared-utils-3.3.0.jar
2024-10-25 22:43:12,086 [Worker-49: Building] INFO  o.a.m.s.f.DefaultMavenResourcesFiltering - skip non existing resourceDirectory /Users/ketamagemechu/Documents/EShelterSystem/shelter-management-system/src/main/resources
2024-10-25 22:43:12,087 [Worker-49: Building] INFO  o.a.m.s.f.DefaultMavenResourcesFiltering - skip non existing resourceDirectory /Users/ketamagemechu/Documents/EShelterSystem/shelter-management-system/src/test/resources
2024-10-25 22:44:32,218 [Worker-53: Building] INFO  o.a.m.s.f.DefaultMavenResourcesFiltering - skip non existing resourceDirectory /Users/ketamagemechu/Documents/EShelterSystem/shelter-management-system/src/main/resources
2024-10-25 22:44:32,220 [Worker-53: Building] INFO  o.a.m.s.f.DefaultMavenResourcesFiltering - skip non existing resourceDirectory /Users/ketamagemechu/Documents/EShelterSystem/shelter-management-system/src/test/resources
2024-10-25 22:44:50,390 [Worker-53: Building] INFO  o.a.m.s.f.DefaultMavenResourcesFiltering - skip non existing resourceDirectory /Users/ketamagemechu/Documents/EShelterSystem/shelter-management-system/src/main/resources
2024-10-25 22:44:50,390 [Worker-53: Building] INFO  o.a.m.s.f.DefaultMavenResourcesFiltering - skip non existing resourceDirectory /Users/ketamagemechu/Documents/EShelterSystem/shelter-management-system/src/test/resources
2024-10-25 22:45:41,113 [Worker-56: Building] INFO  o.a.m.s.f.DefaultMavenResourcesFiltering - skip non existing resourceDirectory /Users/ketamagemechu/Documents/EShelterSystem/shelter-management-system/src/main/resources
2024-10-25 22:45:41,115 [Worker-56: Building] INFO  o.a.m.s.f.DefaultMavenResourcesFiltering - skip non existing resourceDirectory /Users/ketamagemechu/Documents/EShelterSystem/shelter-management-system/src/test/resources
2024-10-25 22:55:45,427 [Worker-54: Launching ShelterManagementSystem] INFO  o.a.m.s.f.DefaultMavenResourcesFiltering - skip non existing resourceDirectory /Users/ketamagemechu/Documents/EShelterSystem/shelter-management-system/src/main/resources
2024-10-25 22:55:45,429 [Worker-54: Launching ShelterManagementSystem] INFO  o.a.m.s.f.DefaultMavenResourcesFiltering - skip non existing resourceDirectory /Users/ketamagemechu/Documents/EShelterSystem/shelter-management-system/src/test/resources
2024-10-25 23:02:34,184 [Worker-70: Building] INFO  o.a.m.s.f.DefaultMavenResourcesFiltering - skip non existing resourceDirectory /Users/ketamagemechu/Documents/EShelterSystem/shelter-management-system/src/main/resources
2024-10-25 23:02:34,186 [Worker-70: Building] INFO  o.a.m.s.f.DefaultMavenResourcesFiltering - skip non existing resourceDirectory /Users/ketamagemechu/Documents/EShelterSystem/shelter-management-system/src/test/resources
2024-10-25 23:07:52,194 [Worker-79: Launching ShelterManagementSystem] INFO  o.a.m.s.f.DefaultMavenResourcesFiltering - skip non existing resourceDirectory /Users/ketamagemechu/Documents/EShelterSystem/shelter-management-system/src/main/resources
2024-10-25 23:07:52,197 [Worker-79: Launching ShelterManagementSystem] INFO  o.a.m.s.f.DefaultMavenResourcesFiltering - skip non existing resourceDirectory /Users/ketamagemechu/Documents/EShelterSystem/shelter-management-system/src/test/resources
2024-10-26 04:20:36,762 [Worker-7: Loading available Gradle versions] INFO  o.e.b.c.i.u.g.PublishedGradleVersions - Gradle version information cache is up-to-date. Trying to read.
2024-10-26 04:58:10,856 [Worker-40: Building] INFO  o.a.m.s.f.DefaultMavenResourcesFiltering - skip non existing resourceDirectory /Users/ketamagemechu/Documents/EShelterSystem/shelter-management-system/src/main/resources
2024-10-26 04:58:10,859 [Worker-40: Building] INFO  o.a.m.s.f.DefaultMavenResourcesFiltering - skip non existing resourceDirectory /Users/ketamagemechu/Documents/EShelterSystem/shelter-management-system/src/test/resources
2024-10-26 04:58:28,111 [Worker-38: Building] INFO  o.a.m.s.f.DefaultMavenResourcesFiltering - skip non existing resourceDirectory /Users/ketamagemechu/Documents/EShelterSystem/shelter-management-system/src/main/resources
2024-10-26 04:58:28,112 [Worker-38: Building] INFO  o.a.m.s.f.DefaultMavenResourcesFiltering - skip non existing resourceDirectory /Users/ketamagemechu/Documents/EShelterSystem/shelter-management-system/src/test/resources
2024-10-26 05:17:33,532 [Worker-50: Building] INFO  o.a.m.s.f.DefaultMavenResourcesFiltering - skip non existing resourceDirectory /Users/ketamagemechu/Documents/EShelterSystem/shelter-management-system/src/main/resources
2024-10-26 05:17:33,533 [Worker-50: Building] INFO  o.a.m.s.f.DefaultMavenResourcesFiltering - skip non existing resourceDirectory /Users/ketamagemechu/Documents/EShelterSystem/shelter-management-system/src/test/resources
2024-10-26 05:18:12,701 [Worker-50: Building] INFO  o.a.m.s.f.DefaultMavenResourcesFiltering - skip non existing resourceDirectory /Users/ketamagemechu/Documents/EShelterSystem/shelter-management-system/src/main/resources
2024-10-26 05:18:12,702 [Worker-50: Building] INFO  o.a.m.s.f.DefaultMavenResourcesFiltering - skip non existing resourceDirectory /Users/ketamagemechu/Documents/EShelterSystem/shelter-management-system/src/test/resources
2024-10-26 05:21:53,355 [Worker-54: Building] INFO  o.a.m.s.f.DefaultMavenResourcesFiltering - skip non existing resourceDirectory /Users/ketamagemechu/Documents/EShelterSystem/shelter-management-system/src/main/resources
2024-10-26 05:21:53,356 [Worker-54: Building] INFO  o.a.m.s.f.DefaultMavenResourcesFiltering - skip non existing resourceDirectory /Users/ketamagemechu/Documents/EShelterSystem/shelter-management-system/src/test/resources
2024-10-26 05:22:25,519 [Worker-54: Launching ShelterManagementSystem] INFO  o.a.m.s.f.DefaultMavenResourcesFiltering - skip non existing resourceDirectory /Users/ketamagemechu/Documents/EShelterSystem/shelter-management-system/src/main/resources
2024-10-26 05:22:25,520 [Worker-54: Launching ShelterManagementSystem] INFO  o.a.m.s.f.DefaultMavenResourcesFiltering - skip non existing resourceDirectory /Users/ketamagemechu/Documents/EShelterSystem/shelter-management-system/src/test/resources
2024-10-26 05:24:13,736 [Worker-53: Building] INFO  o.a.m.s.f.DefaultMavenResourcesFiltering - skip non existing resourceDirectory /Users/ketamagemechu/Documents/EShelterSystem/shelter-management-system/src/main/resources
2024-10-26 05:24:13,737 [Worker-53: Building] INFO  o.a.m.s.f.DefaultMavenResourcesFiltering - skip non existing resourceDirectory /Users/ketamagemechu/Documents/EShelterSystem/shelter-management-system/src/test/resources
2024-10-26 05:29:35,232 [Worker-57: Launching ShelterManagementSystem] INFO  o.a.m.s.f.DefaultMavenResourcesFiltering - skip non existing resourceDirectory /Users/ketamagemechu/Documents/EShelterSystem/shelter-management-system/src/main/resources
2024-10-26 05:29:35,233 [Worker-57: Launching ShelterManagementSystem] INFO  o.a.m.s.f.DefaultMavenResourcesFiltering - skip non existing resourceDirectory /Users/ketamagemechu/Documents/EShelterSystem/shelter-management-system/src/test/resources
2024-10-26 12:13:33,707 [Worker-1: Loading available Gradle versions] INFO  o.e.b.c.i.u.g.PublishedGradleVersions - Gradle version information cache is up-to-date. Trying to read.
2024-10-26 12:25:22,188 [Worker-28: Launching ShelterManagementSystem] INFO  o.a.m.s.f.DefaultMavenResourcesFiltering - skip non existing resourceDirectory /Users/ketamagemechu/Documents/EShelterSystem/shelter-management-system/src/main/resources
2024-10-26 12:25:22,192 [Worker-28: Launching ShelterManagementSystem] INFO  o.a.m.s.f.DefaultMavenResourcesFiltering - skip non existing resourceDirectory /Users/ketamagemechu/Documents/EShelterSystem/shelter-management-system/src/test/resources
2024-10-26 12:26:14,288 [Worker-27: Launching ShelterManagementSystem] INFO  o.a.m.s.f.DefaultMavenResourcesFiltering - skip non existing resourceDirectory /Users/ketamagemechu/Documents/EShelterSystem/shelter-management-system/src/main/resources
2024-10-26 12:26:14,289 [Worker-27: Launching ShelterManagementSystem] INFO  o.a.m.s.f.DefaultMavenResourcesFiltering - skip non existing resourceDirectory /Users/ketamagemechu/Documents/EShelterSystem/shelter-management-system/src/test/resources
2024-10-26 13:15:01,704 [Worker-8: Loading available Gradle versions] INFO  o.e.b.c.i.u.g.PublishedGradleVersions - Gradle version information cache is up-to-date. Trying to read.
2024-10-26 13:17:58,407 [Worker-12: Building] INFO  o.a.m.s.f.DefaultMavenResourcesFiltering - skip non existing resourceDirectory /Users/ketamagemechu/Documents/EShelterSystem/shelter-management-system/src/main/resources
2024-10-26 13:17:58,411 [Worker-12: Building] INFO  o.a.m.s.f.DefaultMavenResourcesFiltering - skip non existing resourceDirectory /Users/ketamagemechu/Documents/EShelterSystem/shelter-management-system/src/test/resources
2024-10-26 13:31:59,022 [Worker-30: Building] INFO  o.a.m.s.f.DefaultMavenResourcesFiltering - skip non existing resourceDirectory /Users/ketamagemechu/Documents/EShelterSystem/shelter-management-system/src/main/resources
2024-10-26 13:31:59,024 [Worker-30: Building] INFO  o.a.m.s.f.DefaultMavenResourcesFiltering - skip non existing resourceDirectory /Users/ketamagemechu/Documents/EShelterSystem/shelter-management-system/src/test/resources
2024-10-26 13:35:52,373 [Worker-30: Building] INFO  o.a.m.s.f.DefaultMavenResourcesFiltering - skip non existing resourceDirectory /Users/ketamagemechu/Documents/EShelterSystem/shelter-management-system/src/main/resources
2024-10-26 13:35:52,375 [Worker-30: Building] INFO  o.a.m.s.f.DefaultMavenResourcesFiltering - skip non existing resourceDirectory /Users/ketamagemechu/Documents/EShelterSystem/shelter-management-system/src/test/resources
2024-10-26 13:36:35,673 [Worker-34: Building] INFO  o.a.m.s.f.DefaultMavenResourcesFiltering - skip non existing resourceDirectory /Users/ketamagemechu/Documents/EShelterSystem/shelter-management-system/src/main/resources
2024-10-26 13:36:35,674 [Worker-34: Building] INFO  o.a.m.s.f.DefaultMavenResourcesFiltering - skip non existing resourceDirectory /Users/ketamagemechu/Documents/EShelterSystem/shelter-management-system/src/test/resources
2024-10-26 13:39:24,091 [Worker-30: Launching ShelterManagementSystem] INFO  o.a.m.s.f.DefaultMavenResourcesFiltering - skip non existing resourceDirectory /Users/ketamagemechu/Documents/EShelterSystem/shelter-management-system/src/main/resources
2024-10-26 13:39:24,092 [Worker-30: Launching ShelterManagementSystem] INFO  o.a.m.s.f.DefaultMavenResourcesFiltering - skip non existing resourceDirectory /Users/ketamagemechu/Documents/EShelterSystem/shelter-management-system/src/test/resources
2024-10-26 13:41:58,004 [Worker-35: Building] INFO  o.a.m.s.f.DefaultMavenResourcesFiltering - skip non existing resourceDirectory /Users/ketamagemechu/Documents/EShelterSystem/shelter-management-system/src/main/resources
2024-10-26 13:41:58,006 [Worker-35: Building] INFO  o.a.m.s.f.DefaultMavenResourcesFiltering - skip non existing resourceDirectory /Users/ketamagemechu/Documents/EShelterSystem/shelter-management-system/src/test/resources
2024-10-26 13:54:07,828 [Worker-38: Building] INFO  o.a.m.s.f.DefaultMavenResourcesFiltering - skip non existing resourceDirectory /Users/ketamagemechu/Documents/EShelterSystem/shelter-management-system/src/main/resources
2024-10-26 13:54:07,832 [Worker-38: Building] INFO  o.a.m.s.f.DefaultMavenResourcesFiltering - skip non existing resourceDirectory /Users/ketamagemechu/Documents/EShelterSystem/shelter-management-system/src/test/resources
2024-10-26 14:09:48,557 [Worker-46: Building] INFO  o.a.m.s.f.DefaultMavenResourcesFiltering - skip non existing resourceDirectory /Users/ketamagemechu/Documents/EShelterSystem/shelter-management-system/src/main/resources
2024-10-26 14:09:48,558 [Worker-46: Building] INFO  o.a.m.s.f.DefaultMavenResourcesFiltering - skip non existing resourceDirectory /Users/ketamagemechu/Documents/EShelterSystem/shelter-management-system/src/test/resources
2024-10-26 14:10:03,509 [Worker-46: Launching ShelterManagementSystem] INFO  o.a.m.s.f.DefaultMavenResourcesFiltering - skip non existing resourceDirectory /Users/ketamagemechu/Documents/EShelterSystem/shelter-management-system/src/main/resources
2024-10-26 14:10:03,510 [Worker-46: Launching ShelterManagementSystem] INFO  o.a.m.s.f.DefaultMavenResourcesFiltering - skip non existing resourceDirectory /Users/ketamagemechu/Documents/EShelterSystem/shelter-management-system/src/test/resources
2024-10-26 14:10:33,340 [Worker-48: Launching ShelterManagementSystem] INFO  o.a.m.s.f.DefaultMavenResourcesFiltering - skip non existing resourceDirectory /Users/ketamagemechu/Documents/EShelterSystem/shelter-management-system/src/main/resources
2024-10-26 14:10:33,341 [Worker-48: Launching ShelterManagementSystem] INFO  o.a.m.s.f.DefaultMavenResourcesFiltering - skip non existing resourceDirectory /Users/ketamagemechu/Documents/EShelterSystem/shelter-management-system/src/test/resources
2024-10-26 14:10:45,983 [Worker-51: Launching ShelterManagementSystem] INFO  o.a.m.s.f.DefaultMavenResourcesFiltering - skip non existing resourceDirectory /Users/ketamagemechu/Documents/EShelterSystem/shelter-management-system/src/main/resources
2024-10-26 14:10:45,985 [Worker-51: Launching ShelterManagementSystem] INFO  o.a.m.s.f.DefaultMavenResourcesFiltering - skip non existing resourceDirectory /Users/ketamagemechu/Documents/EShelterSystem/shelter-management-system/src/test/resources
2024-10-26 14:25:43,689 [Worker-52: Launching ShelterManagementSystem] INFO  o.a.m.s.f.DefaultMavenResourcesFiltering - skip non existing resourceDirectory /Users/ketamagemechu/Documents/EShelterSystem/shelter-management-system/src/main/resources
2024-10-26 14:25:43,690 [Worker-52: Launching ShelterManagementSystem] INFO  o.a.m.s.f.DefaultMavenResourcesFiltering - skip non existing resourceDirectory /Users/ketamagemechu/Documents/EShelterSystem/shelter-management-system/src/test/resources
2024-10-26 14:26:49,956 [Worker-54: Launching ShelterManagementSystem] INFO  o.a.m.s.f.DefaultMavenResourcesFiltering - skip non existing resourceDirectory /Users/ketamagemechu/Documents/EShelterSystem/shelter-management-system/src/main/resources
2024-10-26 14:26:49,958 [Worker-54: Launching ShelterManagementSystem] INFO  o.a.m.s.f.DefaultMavenResourcesFiltering - skip non existing resourceDirectory /Users/ketamagemechu/Documents/EShelterSystem/shelter-management-system/src/test/resources
2024-10-26 14:27:05,804 [Worker-55: Launching ShelterManagementSystem] INFO  o.a.m.s.f.DefaultMavenResourcesFiltering - skip non existing resourceDirectory /Users/ketamagemechu/Documents/EShelterSystem/shelter-management-system/src/main/resources
2024-10-26 14:27:05,805 [Worker-55: Launching ShelterManagementSystem] INFO  o.a.m.s.f.DefaultMavenResourcesFiltering - skip non existing resourceDirectory /Users/ketamagemechu/Documents/EShelterSystem/shelter-management-system/src/test/resources
2024-10-26 14:38:39,043 [Worker-60: Launching ShelterManagementSystem] INFO  o.a.m.s.f.DefaultMavenResourcesFiltering - skip non existing resourceDirectory /Users/ketamagemechu/Documents/EShelterSystem/shelter-management-system/src/main/resources
2024-10-26 14:38:39,044 [Worker-60: Launching ShelterManagementSystem] INFO  o.a.m.s.f.DefaultMavenResourcesFiltering - skip non existing resourceDirectory /Users/ketamagemechu/Documents/EShelterSystem/shelter-management-system/src/test/resources
2024-10-26 14:45:52,618 [Worker-61: Launching ShelterManagementSystem] INFO  o.a.m.s.f.DefaultMavenResourcesFiltering - skip non existing resourceDirectory /Users/ketamagemechu/Documents/EShelterSystem/shelter-management-system/src/main/resources
2024-10-26 14:45:52,620 [Worker-61: Launching ShelterManagementSystem] INFO  o.a.m.s.f.DefaultMavenResourcesFiltering - skip non existing resourceDirectory /Users/ketamagemechu/Documents/EShelterSystem/shelter-management-system/src/test/resources
2024-10-26 15:09:03,339 [Worker-69: Building] INFO  o.e.m.c.i.l.LifecycleMappingFactory - Using org.eclipse.m2e.jdt.JarLifecycleMapping lifecycle mapping for MavenProject: emergenceshelter:shelter-management-system:0.0.1-SNAPSHOT @ /Users/ketamagemechu/Documents/EShelterSystem/shelter-management-system/pom.xml.
2024-10-26 15:09:03,453 [Worker-69: Building] INFO  o.e.m.c.i.e.AbstractTransferListenerAdapter - Downloading https://repo.maven.apache.org/maven2/org/junit/jupiter/junit-jupiter-engine/5.7.0/junit-jupiter-engine-5.7.0.pom
2024-10-26 15:09:03,457 [Worker-69: Building] INFO  o.e.m.c.i.e.AbstractTransferListenerAdapter - Downloaded https://repo.maven.apache.org/maven2/org/junit/jupiter/junit-jupiter-engine/5.7.0/junit-jupiter-engine-5.7.0.pom
2024-10-26 15:09:03,475 [Worker-69: Building] INFO  o.e.m.c.i.e.AbstractTransferListenerAdapter - Downloading https://repo.maven.apache.org/maven2/org/junit/junit-bom/5.7.0/junit-bom-5.7.0.pom
2024-10-26 15:09:03,477 [Worker-69: Building] INFO  o.e.m.c.i.e.AbstractTransferListenerAdapter - Downloaded https://repo.maven.apache.org/maven2/org/junit/junit-bom/5.7.0/junit-bom-5.7.0.pom
2024-10-26 15:09:03,493 [Worker-69: Building] INFO  o.e.m.c.i.e.AbstractTransferListenerAdapter - Downloading https://repo.maven.apache.org/maven2/org/apiguardian/apiguardian-api/1.1.0/apiguardian-api-1.1.0.pom
2024-10-26 15:09:03,495 [Worker-69: Building] INFO  o.e.m.c.i.e.AbstractTransferListenerAdapter - Downloaded https://repo.maven.apache.org/maven2/org/apiguardian/apiguardian-api/1.1.0/apiguardian-api-1.1.0.pom
2024-10-26 15:09:03,510 [Worker-69: Building] INFO  o.e.m.c.i.e.AbstractTransferListenerAdapter - Downloading https://repo.maven.apache.org/maven2/org/junit/platform/junit-platform-engine/1.7.0/junit-platform-engine-1.7.0.pom
2024-10-26 15:09:03,511 [Worker-69: Building] INFO  o.e.m.c.i.e.AbstractTransferListenerAdapter - Downloaded https://repo.maven.apache.org/maven2/org/junit/platform/junit-platform-engine/1.7.0/junit-platform-engine-1.7.0.pom
2024-10-26 15:09:03,527 [Worker-69: Building] INFO  o.e.m.c.i.e.AbstractTransferListenerAdapter - Downloading https://repo.maven.apache.org/maven2/org/opentest4j/opentest4j/1.2.0/opentest4j-1.2.0.pom
2024-10-26 15:09:03,528 [Worker-69: Building] INFO  o.e.m.c.i.e.AbstractTransferListenerAdapter - Downloaded https://repo.maven.apache.org/maven2/org/opentest4j/opentest4j/1.2.0/opentest4j-1.2.0.pom
2024-10-26 15:09:03,544 [Worker-69: Building] INFO  o.e.m.c.i.e.AbstractTransferListenerAdapter - Downloading https://repo.maven.apache.org/maven2/org/junit/platform/junit-platform-commons/1.7.0/junit-platform-commons-1.7.0.pom
2024-10-26 15:09:03,545 [Worker-69: Building] INFO  o.e.m.c.i.e.AbstractTransferListenerAdapter - Downloaded https://repo.maven.apache.org/maven2/org/junit/platform/junit-platform-commons/1.7.0/junit-platform-commons-1.7.0.pom
2024-10-26 15:09:03,561 [Worker-69: Building] INFO  o.e.m.c.i.e.AbstractTransferListenerAdapter - Downloading https://repo.maven.apache.org/maven2/org/junit/jupiter/junit-jupiter-api/5.7.0/junit-jupiter-api-5.7.0.pom
2024-10-26 15:09:03,562 [Worker-69: Building] INFO  o.e.m.c.i.e.AbstractTransferListenerAdapter - Downloaded https://repo.maven.apache.org/maven2/org/junit/jupiter/junit-jupiter-api/5.7.0/junit-jupiter-api-5.7.0.pom
2024-10-26 15:09:03,580 [Worker-69: Building] INFO  o.e.m.c.i.e.AbstractTransferListenerAdapter - Downloading https://repo.maven.apache.org/maven2/org/junit/jupiter/junit-jupiter-engine/5.7.0/junit-jupiter-engine-5.7.0.jar
2024-10-26 15:09:03,614 [Worker-69: Building] INFO  o.e.m.c.i.e.AbstractTransferListenerAdapter - Downloaded https://repo.maven.apache.org/maven2/org/junit/jupiter/junit-jupiter-engine/5.7.0/junit-jupiter-engine-5.7.0.jar
2024-10-26 15:09:03,631 [BasicRepositoryConnector-repo.maven.apache.org-0-0] INFO  o.e.m.c.i.e.AbstractTransferListenerAdapter - Downloading https://repo.maven.apache.org/maven2/org/apiguardian/apiguardian-api/1.1.0/apiguardian-api-1.1.0.jar
2024-10-26 15:09:03,631 [BasicRepositoryConnector-repo.maven.apache.org-0-0] INFO  o.e.m.c.i.e.AbstractTransferListenerAdapter - Downloaded https://repo.maven.apache.org/maven2/org/apiguardian/apiguardian-api/1.1.0/apiguardian-api-1.1.0.jar
2024-10-26 15:09:03,660 [BasicRepositoryConnector-repo.maven.apache.org-0-2] INFO  o.e.m.c.i.e.AbstractTransferListenerAdapter - Downloading https://repo.maven.apache.org/maven2/org/opentest4j/opentest4j/1.2.0/opentest4j-1.2.0.jar
2024-10-26 15:09:03,661 [BasicRepositoryConnector-repo.maven.apache.org-0-2] INFO  o.e.m.c.i.e.AbstractTransferListenerAdapter - Downloaded https://repo.maven.apache.org/maven2/org/opentest4j/opentest4j/1.2.0/opentest4j-1.2.0.jar
2024-10-26 15:09:03,662 [BasicRepositoryConnector-repo.maven.apache.org-0-1] INFO  o.e.m.c.i.e.AbstractTransferListenerAdapter - Downloading https://repo.maven.apache.org/maven2/org/junit/platform/junit-platform-engine/1.7.0/junit-platform-engine-1.7.0.jar
2024-10-26 15:09:03,663 [BasicRepositoryConnector-repo.maven.apache.org-0-3] INFO  o.e.m.c.i.e.AbstractTransferListenerAdapter - Downloading https://repo.maven.apache.org/maven2/org/junit/platform/junit-platform-commons/1.7.0/junit-platform-commons-1.7.0.jar
2024-10-26 15:09:03,672 [BasicRepositoryConnector-repo.maven.apache.org-0-4] INFO  o.e.m.c.i.e.AbstractTransferListenerAdapter - Downloading https://repo.maven.apache.org/maven2/org/junit/jupiter/junit-jupiter-api/5.7.0/junit-jupiter-api-5.7.0.jar
2024-10-26 15:09:03,684 [BasicRepositoryConnector-repo.maven.apache.org-0-3] INFO  o.e.m.c.i.e.AbstractTransferListenerAdapter - Downloaded https://repo.maven.apache.org/maven2/org/junit/platform/junit-platform-commons/1.7.0/junit-platform-commons-1.7.0.jar
2024-10-26 15:09:03,692 [BasicRepositoryConnector-repo.maven.apache.org-0-1] INFO  o.e.m.c.i.e.AbstractTransferListenerAdapter - Downloaded https://repo.maven.apache.org/maven2/org/junit/platform/junit-platform-engine/1.7.0/junit-platform-engine-1.7.0.jar
2024-10-26 15:09:03,701 [BasicRepositoryConnector-repo.maven.apache.org-0-4] INFO  o.e.m.c.i.e.AbstractTransferListenerAdapter - Downloaded https://repo.maven.apache.org/maven2/org/junit/jupiter/junit-jupiter-api/5.7.0/junit-jupiter-api-5.7.0.jar
2024-10-26 15:09:03,769 [Worker-69: Building] INFO  o.a.m.s.f.DefaultMavenResourcesFiltering - skip non existing resourceDirectory /Users/ketamagemechu/Documents/EShelterSystem/shelter-management-system/src/main/resources
2024-10-26 15:09:03,771 [Worker-69: Building] INFO  o.a.m.s.f.DefaultMavenResourcesFiltering - skip non existing resourceDirectory /Users/ketamagemechu/Documents/EShelterSystem/shelter-management-system/src/test/resources
2024-10-26 15:09:04,937 [Worker-73: Building] INFO  o.a.m.s.f.DefaultMavenResourcesFiltering - skip non existing resourceDirectory /Users/ketamagemechu/Documents/EShelterSystem/shelter-management-system/src/main/resources
2024-10-26 15:09:04,938 [Worker-73: Building] INFO  o.a.m.s.f.DefaultMavenResourcesFiltering - skip non existing resourceDirectory /Users/ketamagemechu/Documents/EShelterSystem/shelter-management-system/src/test/resources
2024-10-26 15:09:06,384 [Worker-75: Download sources and javadoc] INFO  o.e.m.c.i.e.AbstractTransferListenerAdapter - Downloading https://repo.maven.apache.org/maven2/org/junit/jupiter/junit-jupiter-engine/5.7.0/junit-jupiter-engine-5.7.0-sources.jar
2024-10-26 15:09:06,404 [Worker-75: Download sources and javadoc] INFO  o.e.m.c.i.e.AbstractTransferListenerAdapter - Downloaded https://repo.maven.apache.org/maven2/org/junit/jupiter/junit-jupiter-engine/5.7.0/junit-jupiter-engine-5.7.0-sources.jar
2024-10-26 15:09:06,406 [Worker-75: Download sources and javadoc] INFO  o.e.m.j.internal.DownloadSourcesJob - Downloaded sources for org.junit.jupiter:junit-jupiter-engine:5.7.0
2024-10-26 15:09:06,452 [Worker-75: Download sources and javadoc] INFO  o.e.m.c.i.e.AbstractTransferListenerAdapter - Downloading https://repo.maven.apache.org/maven2/org/apiguardian/apiguardian-api/1.1.0/apiguardian-api-1.1.0-sources.jar
2024-10-26 15:09:06,453 [Worker-75: Download sources and javadoc] INFO  o.e.m.c.i.e.AbstractTransferListenerAdapter - Downloaded https://repo.maven.apache.org/maven2/org/apiguardian/apiguardian-api/1.1.0/apiguardian-api-1.1.0-sources.jar
2024-10-26 15:09:06,454 [Worker-75: Download sources and javadoc] INFO  o.e.m.j.internal.DownloadSourcesJob - Downloaded sources for org.apiguardian:apiguardian-api:1.1.0
2024-10-26 15:09:06,497 [Worker-75: Download sources and javadoc] INFO  o.e.m.c.i.e.AbstractTransferListenerAdapter - Downloading https://repo.maven.apache.org/maven2/org/junit/platform/junit-platform-engine/1.7.0/junit-platform-engine-1.7.0-sources.jar
2024-10-26 15:09:06,526 [Worker-75: Download sources and javadoc] INFO  o.e.m.c.i.e.AbstractTransferListenerAdapter - Downloaded https://repo.maven.apache.org/maven2/org/junit/platform/junit-platform-engine/1.7.0/junit-platform-engine-1.7.0-sources.jar
2024-10-26 15:09:06,527 [Worker-75: Download sources and javadoc] INFO  o.e.m.j.internal.DownloadSourcesJob - Downloaded sources for org.junit.platform:junit-platform-engine:1.7.0
2024-10-26 15:09:06,570 [Worker-75: Download sources and javadoc] INFO  o.e.m.c.i.e.AbstractTransferListenerAdapter - Downloading https://repo.maven.apache.org/maven2/org/opentest4j/opentest4j/1.2.0/opentest4j-1.2.0-sources.jar
2024-10-26 15:09:06,571 [Worker-75: Download sources and javadoc] INFO  o.e.m.c.i.e.AbstractTransferListenerAdapter - Downloaded https://repo.maven.apache.org/maven2/org/opentest4j/opentest4j/1.2.0/opentest4j-1.2.0-sources.jar
2024-10-26 15:09:06,572 [Worker-75: Download sources and javadoc] INFO  o.e.m.j.internal.DownloadSourcesJob - Downloaded sources for org.opentest4j:opentest4j:1.2.0
2024-10-26 15:09:06,616 [Worker-75: Download sources and javadoc] INFO  o.e.m.c.i.e.AbstractTransferListenerAdapter - Downloading https://repo.maven.apache.org/maven2/org/junit/platform/junit-platform-commons/1.7.0/junit-platform-commons-1.7.0-sources.jar
2024-10-26 15:09:06,632 [Worker-75: Download sources and javadoc] INFO  o.e.m.c.i.e.AbstractTransferListenerAdapter - Downloaded https://repo.maven.apache.org/maven2/org/junit/platform/junit-platform-commons/1.7.0/junit-platform-commons-1.7.0-sources.jar
2024-10-26 15:09:06,633 [Worker-75: Download sources and javadoc] INFO  o.e.m.j.internal.DownloadSourcesJob - Downloaded sources for org.junit.platform:junit-platform-commons:1.7.0
2024-10-26 15:09:06,676 [Worker-75: Download sources and javadoc] INFO  o.e.m.c.i.e.AbstractTransferListenerAdapter - Downloading https://repo.maven.apache.org/maven2/org/junit/jupiter/junit-jupiter-api/5.7.0/junit-jupiter-api-5.7.0-sources.jar
2024-10-26 15:09:06,707 [Worker-75: Download sources and javadoc] INFO  o.e.m.c.i.e.AbstractTransferListenerAdapter - Downloaded https://repo.maven.apache.org/maven2/org/junit/jupiter/junit-jupiter-api/5.7.0/junit-jupiter-api-5.7.0-sources.jar
2024-10-26 15:09:06,708 [Worker-75: Download sources and javadoc] INFO  o.e.m.j.internal.DownloadSourcesJob - Downloaded sources for org.junit.jupiter:junit-jupiter-api:5.7.0
2024-10-26 15:09:18,519 [Worker-76: Updating Maven Project] INFO  o.e.m.c.i.p.ProjectConfigurationManager - Update started
2024-10-26 15:09:18,536 [Worker-76: Updating Maven Project] INFO  o.e.m.c.i.l.LifecycleMappingFactory - Using org.eclipse.m2e.jdt.JarLifecycleMapping lifecycle mapping for MavenProject: emergenceshelter:shelter-management-system:0.0.1-SNAPSHOT @ /Users/ketamagemechu/Documents/EShelterSystem/shelter-management-system/pom.xml.
2024-10-26 15:09:18,604 [Worker-76: Updating Maven Project] INFO  o.e.m.j.i.AbstractJavaProjectConfigurator - Adding source folder /shelter-management-system/src/main/java
2024-10-26 15:09:18,604 [Worker-76: Updating Maven Project] INFO  o.e.m.j.i.AbstractJavaProjectConfigurator - Adding resource folder /shelter-management-system/src/main/resources
2024-10-26 15:09:18,605 [Worker-76: Updating Maven Project] INFO  o.e.m.j.i.AbstractJavaProjectConfigurator - Adding source folder /shelter-management-system/src/test/java
2024-10-26 15:09:18,605 [Worker-76: Updating Maven Project] INFO  o.e.m.j.i.AbstractJavaProjectConfigurator - Adding resource folder /shelter-management-system/src/test/resources
2024-10-26 15:09:18,613 [Worker-76: Updating Maven Project] INFO  o.e.m.jdt.internal.UnitTestSupport - Reset launch configuration name: emergenceshelter.management.app
2024-10-26 15:09:18,613 [Worker-76: Updating Maven Project] INFO  o.e.m.jdt.internal.UnitTestSupport - Updating emergenceshelter.management.app from maven configuration
2024-10-26 15:09:18,701 [Worker-76: Updating Maven Project] INFO  o.e.m.c.i.p.ProjectConfigurationManager - Update completed for 1 poms: local refresh takes 0.00 sec, refresh facades takes 0.00 sec, update config takes 0.00 sec 
2024-10-26 15:09:18,867 [Worker-73: Building] INFO  o.a.m.s.f.DefaultMavenResourcesFiltering - skip non existing resourceDirectory /Users/ketamagemechu/Documents/EShelterSystem/shelter-management-system/src/main/resources
2024-10-26 15:09:18,869 [Worker-73: Building] INFO  o.a.m.s.f.DefaultMavenResourcesFiltering - skip non existing resourceDirectory /Users/ketamagemechu/Documents/EShelterSystem/shelter-management-system/src/test/resources
2024-10-26 15:12:28,271 [Worker-77: Building] INFO  o.a.m.s.f.DefaultMavenResourcesFiltering - skip non existing resourceDirectory /Users/ketamagemechu/Documents/EShelterSystem/shelter-management-system/src/main/resources
2024-10-26 15:12:28,272 [Worker-77: Building] INFO  o.a.m.s.f.DefaultMavenResourcesFiltering - skip non existing resourceDirectory /Users/ketamagemechu/Documents/EShelterSystem/shelter-management-system/src/test/resources
2024-10-26 15:18:44,847 [Worker-75: Building] INFO  o.e.m.c.i.l.LifecycleMappingFactory - Using org.eclipse.m2e.jdt.JarLifecycleMapping lifecycle mapping for MavenProject: emergenceshelter:shelter-management-system:0.0.1-SNAPSHOT @ /Users/ketamagemechu/Documents/EShelterSystem/shelter-management-system/pom.xml.
2024-10-26 15:18:44,903 [Worker-75: Building] INFO  o.a.m.s.f.DefaultMavenResourcesFiltering - skip non existing resourceDirectory /Users/ketamagemechu/Documents/EShelterSystem/shelter-management-system/src/main/resources
2024-10-26 15:18:44,905 [Worker-75: Building] INFO  o.a.m.s.f.DefaultMavenResourcesFiltering - skip non existing resourceDirectory /Users/ketamagemechu/Documents/EShelterSystem/shelter-management-system/src/test/resources
2024-10-26 15:18:46,028 [Worker-77: Building] INFO  o.a.m.s.f.DefaultMavenResourcesFiltering - skip non existing resourceDirectory /Users/ketamagemechu/Documents/EShelterSystem/shelter-management-system/src/main/resources
2024-10-26 15:18:46,030 [Worker-77: Building] INFO  o.a.m.s.f.DefaultMavenResourcesFiltering - skip non existing resourceDirectory /Users/ketamagemechu/Documents/EShelterSystem/shelter-management-system/src/test/resources
2024-10-26 15:19:09,124 [Worker-75: Updating Maven Project] INFO  o.e.m.c.i.p.ProjectConfigurationManager - Update started
2024-10-26 15:19:09,139 [Worker-75: Updating Maven Project] INFO  o.e.m.c.i.l.LifecycleMappingFactory - Using org.eclipse.m2e.jdt.JarLifecycleMapping lifecycle mapping for MavenProject: emergenceshelter:shelter-management-system:0.0.1-SNAPSHOT @ /Users/ketamagemechu/Documents/EShelterSystem/shelter-management-system/pom.xml.
2024-10-26 15:19:09,174 [Worker-75: Updating Maven Project] INFO  o.e.m.j.i.AbstractJavaProjectConfigurator - Adding source folder /shelter-management-system/src/main/java
2024-10-26 15:19:09,174 [Worker-75: Updating Maven Project] INFO  o.e.m.j.i.AbstractJavaProjectConfigurator - Adding resource folder /shelter-management-system/src/main/resources
2024-10-26 15:19:09,175 [Worker-75: Updating Maven Project] INFO  o.e.m.j.i.AbstractJavaProjectConfigurator - Adding source folder /shelter-management-system/src/test/java
2024-10-26 15:19:09,175 [Worker-75: Updating Maven Project] INFO  o.e.m.j.i.AbstractJavaProjectConfigurator - Adding resource folder /shelter-management-system/src/test/resources
2024-10-26 15:19:09,182 [Worker-75: Updating Maven Project] INFO  o.e.m.jdt.internal.UnitTestSupport - Reset launch configuration name: emergenceshelter.management.app
2024-10-26 15:19:09,182 [Worker-75: Updating Maven Project] INFO  o.e.m.jdt.internal.UnitTestSupport - Updating emergenceshelter.management.app from maven configuration
2024-10-26 15:19:09,199 [Worker-75: Updating Maven Project] INFO  o.e.m.c.i.p.ProjectConfigurationManager - Update completed for 1 poms: local refresh takes 0.00 sec, refresh facades takes 0.00 sec, update config takes 0.00 sec 
2024-10-26 15:19:09,375 [Worker-78: Building] INFO  o.a.m.s.f.DefaultMavenResourcesFiltering - skip non existing resourceDirectory /Users/ketamagemechu/Documents/EShelterSystem/shelter-management-system/src/main/resources
2024-10-26 15:19:09,377 [Worker-78: Building] INFO  o.a.m.s.f.DefaultMavenResourcesFiltering - skip non existing resourceDirectory /Users/ketamagemechu/Documents/EShelterSystem/shelter-management-system/src/test/resources
2024-10-26 15:22:29,830 [main] INFO  o.e.m.jdt.internal.UnitTestSupport - Updating TestingAdmin from maven configuration
2024-10-26 15:22:31,461 [Worker-78: Launching TestingAdmin] INFO  o.a.m.s.f.DefaultMavenResourcesFiltering - skip non existing resourceDirectory /Users/ketamagemechu/Documents/EShelterSystem/shelter-management-system/src/main/resources
2024-10-26 15:22:31,462 [Worker-78: Launching TestingAdmin] INFO  o.a.m.s.f.DefaultMavenResourcesFiltering - skip non existing resourceDirectory /Users/ketamagemechu/Documents/EShelterSystem/shelter-management-system/src/test/resources
2024-10-26 15:27:52,994 [Worker-79: Launching TestingAdmin] INFO  o.a.m.s.f.DefaultMavenResourcesFiltering - skip non existing resourceDirectory /Users/ketamagemechu/Documents/EShelterSystem/shelter-management-system/src/main/resources
2024-10-26 15:27:52,995 [Worker-79: Launching TestingAdmin] INFO  o.a.m.s.f.DefaultMavenResourcesFiltering - skip non existing resourceDirectory /Users/ketamagemechu/Documents/EShelterSystem/shelter-management-system/src/test/resources
2024-10-26 15:28:21,797 [Worker-75: Building] INFO  o.a.m.s.f.DefaultMavenResourcesFiltering - skip non existing resourceDirectory /Users/ketamagemechu/Documents/EShelterSystem/shelter-management-system/src/main/resources
2024-10-26 15:28:21,798 [Worker-75: Building] INFO  o.a.m.s.f.DefaultMavenResourcesFiltering - skip non existing resourceDirectory /Users/ketamagemechu/Documents/EShelterSystem/shelter-management-system/src/test/resources
2024-10-26 15:31:49,990 [Worker-79: Launching TestingAdmin] INFO  o.a.m.s.f.DefaultMavenResourcesFiltering - skip non existing resourceDirectory /Users/ketamagemechu/Documents/EShelterSystem/shelter-management-system/src/main/resources
2024-10-26 15:31:49,991 [Worker-79: Launching TestingAdmin] INFO  o.a.m.s.f.DefaultMavenResourcesFiltering - skip non existing resourceDirectory /Users/ketamagemechu/Documents/EShelterSystem/shelter-management-system/src/test/resources
2024-10-26 15:34:46,392 [Worker-84: Building] INFO  o.a.m.s.f.DefaultMavenResourcesFiltering - skip non existing resourceDirectory /Users/ketamagemechu/Documents/EShelterSystem/shelter-management-system/src/main/resources
2024-10-26 15:34:46,393 [Worker-84: Building] INFO  o.a.m.s.f.DefaultMavenResourcesFiltering - skip non existing resourceDirectory /Users/ketamagemechu/Documents/EShelterSystem/shelter-management-system/src/test/resources
2024-10-26 15:39:13,835 [Worker-87: Building] INFO  o.a.m.s.f.DefaultMavenResourcesFiltering - skip non existing resourceDirectory /Users/ketamagemechu/Documents/EShelterSystem/shelter-management-system/src/main/resources
2024-10-26 15:39:13,838 [Worker-87: Building] INFO  o.a.m.s.f.DefaultMavenResourcesFiltering - skip non existing resourceDirectory /Users/ketamagemechu/Documents/EShelterSystem/shelter-management-system/src/test/resources
2024-10-26 15:44:15,699 [Worker-95: Launching ShelterManagementSystem] INFO  o.a.m.s.f.DefaultMavenResourcesFiltering - skip non existing resourceDirectory /Users/ketamagemechu/Documents/EShelterSystem/shelter-management-system/src/main/resources
2024-10-26 15:44:15,701 [Worker-95: Launching ShelterManagementSystem] INFO  o.a.m.s.f.DefaultMavenResourcesFiltering - skip non existing resourceDirectory /Users/ketamagemechu/Documents/EShelterSystem/shelter-management-system/src/test/resources
2024-10-26 15:48:11,465 [Worker-100: Building] INFO  o.a.m.s.f.DefaultMavenResourcesFiltering - skip non existing resourceDirectory /Users/ketamagemechu/Documents/EShelterSystem/shelter-management-system/src/main/resources
2024-10-26 15:48:11,468 [Worker-100: Building] INFO  o.a.m.s.f.DefaultMavenResourcesFiltering - skip non existing resourceDirectory /Users/ketamagemechu/Documents/EShelterSystem/shelter-management-system/src/test/resources
2024-10-26 15:51:20,676 [Worker-96: Launching ShelterManagementSystem] INFO  o.a.m.s.f.DefaultMavenResourcesFiltering - skip non existing resourceDirectory /Users/ketamagemechu/Documents/EShelterSystem/shelter-management-system/src/main/resources
2024-10-26 15:51:20,677 [Worker-96: Launching ShelterManagementSystem] INFO  o.a.m.s.f.DefaultMavenResourcesFiltering - skip non existing resourceDirectory /Users/ketamagemechu/Documents/EShelterSystem/shelter-management-system/src/test/resources
2024-10-26 16:02:01,919 [Worker-99: Building] INFO  o.a.m.s.f.DefaultMavenResourcesFiltering - skip non existing resourceDirectory /Users/ketamagemechu/Documents/EShelterSystem/shelter-management-system/src/main/resources
2024-10-26 16:02:01,920 [Worker-99: Building] INFO  o.a.m.s.f.DefaultMavenResourcesFiltering - skip non existing resourceDirectory /Users/ketamagemechu/Documents/EShelterSystem/shelter-management-system/src/test/resources
2024-10-26 16:16:42,697 [Worker-107: Building] INFO  o.a.m.s.f.DefaultMavenResourcesFiltering - skip non existing resourceDirectory /Users/ketamagemechu/Documents/EShelterSystem/shelter-management-system/src/main/resources
2024-10-26 16:16:42,699 [Worker-107: Building] INFO  o.a.m.s.f.DefaultMavenResourcesFiltering - skip non existing resourceDirectory /Users/ketamagemechu/Documents/EShelterSystem/shelter-management-system/src/test/resources
2024-10-26 16:17:10,375 [main] INFO  o.e.m.jdt.internal.UnitTestSupport - Updating ResidentTest from maven configuration
2024-10-26 16:17:12,798 [Worker-106: Launching ResidentTest] INFO  o.a.m.s.f.DefaultMavenResourcesFiltering - skip non existing resourceDirectory /Users/ketamagemechu/Documents/EShelterSystem/shelter-management-system/src/main/resources
2024-10-26 16:17:12,799 [Worker-106: Launching ResidentTest] INFO  o.a.m.s.f.DefaultMavenResourcesFiltering - skip non existing resourceDirectory /Users/ketamagemechu/Documents/EShelterSystem/shelter-management-system/src/test/resources
2024-10-26 16:41:14,172 [Worker-112: Building] INFO  o.a.m.s.f.DefaultMavenResourcesFiltering - skip non existing resourceDirectory /Users/ketamagemechu/Documents/EShelterSystem/shelter-management-system/src/main/resources
2024-10-26 16:41:14,177 [Worker-112: Building] INFO  o.a.m.s.f.DefaultMavenResourcesFiltering - skip non existing resourceDirectory /Users/ketamagemechu/Documents/EShelterSystem/shelter-management-system/src/test/resources
2024-10-26 16:45:54,019 [Worker-1: Loading available Gradle versions] INFO  o.e.b.c.i.u.g.PublishedGradleVersions - Gradle version information cache is up-to-date. Trying to read.
2024-10-26 16:49:04,848 [Worker-1: Launching ShelterManagementSystem] INFO  o.a.m.s.f.DefaultMavenResourcesFiltering - skip non existing resourceDirectory /Users/ketamagemechu/Documents/EShelterSystem/shelter-management-system/src/main/resources
2024-10-26 16:49:04,851 [Worker-1: Launching ShelterManagementSystem] INFO  o.a.m.s.f.DefaultMavenResourcesFiltering - skip non existing resourceDirectory /Users/ketamagemechu/Documents/EShelterSystem/shelter-management-system/src/test/resources
2024-10-26 16:52:57,403 [Worker-28: Launching ShelterManagementSystem] INFO  o.a.m.s.f.DefaultMavenResourcesFiltering - skip non existing resourceDirectory /Users/ketamagemechu/Documents/EShelterSystem/shelter-management-system/src/main/resources
2024-10-26 16:52:57,405 [Worker-28: Launching ShelterManagementSystem] INFO  o.a.m.s.f.DefaultMavenResourcesFiltering - skip non existing resourceDirectory /Users/ketamagemechu/Documents/EShelterSystem/shelter-management-system/src/test/resources
2024-10-26 16:56:58,514 [Worker-30: Launching ShelterManagementSystem] INFO  o.a.m.s.f.DefaultMavenResourcesFiltering - skip non existing resourceDirectory /Users/ketamagemechu/Documents/EShelterSystem/shelter-management-system/src/main/resources
2024-10-26 16:56:58,516 [Worker-30: Launching ShelterManagementSystem] INFO  o.a.m.s.f.DefaultMavenResourcesFiltering - skip non existing resourceDirectory /Users/ketamagemechu/Documents/EShelterSystem/shelter-management-system/src/test/resources
2024-10-26 16:59:12,871 [Worker-1: Launching ShelterManagementSystem] INFO  o.a.m.s.f.DefaultMavenResourcesFiltering - skip non existing resourceDirectory /Users/ketamagemechu/Documents/EShelterSystem/shelter-management-system/src/main/resources
2024-10-26 16:59:12,873 [Worker-1: Launching ShelterManagementSystem] INFO  o.a.m.s.f.DefaultMavenResourcesFiltering - skip non existing resourceDirectory /Users/ketamagemechu/Documents/EShelterSystem/shelter-management-system/src/test/resources
2024-10-26 16:59:57,004 [Worker-32: Launching ShelterManagementSystem] INFO  o.a.m.s.f.DefaultMavenResourcesFiltering - skip non existing resourceDirectory /Users/ketamagemechu/Documents/EShelterSystem/shelter-management-system/src/main/resources
2024-10-26 16:59:57,004 [Worker-32: Launching ShelterManagementSystem] INFO  o.a.m.s.f.DefaultMavenResourcesFiltering - skip non existing resourceDirectory /Users/ketamagemechu/Documents/EShelterSystem/shelter-management-system/src/test/resources
2024-10-26 17:02:15,292 [Worker-36: Launching ShelterManagementSystem] INFO  o.a.m.s.f.DefaultMavenResourcesFiltering - skip non existing resourceDirectory /Users/ketamagemechu/Documents/EShelterSystem/shelter-management-system/src/main/resources
2024-10-26 17:02:15,293 [Worker-36: Launching ShelterManagementSystem] INFO  o.a.m.s.f.DefaultMavenResourcesFiltering - skip non existing resourceDirectory /Users/ketamagemechu/Documents/EShelterSystem/shelter-management-system/src/test/resources
2024-10-26 17:02:41,185 [Worker-36: Launching ShelterManagementSystem] INFO  o.a.m.s.f.DefaultMavenResourcesFiltering - skip non existing resourceDirectory /Users/ketamagemechu/Documents/EShelterSystem/shelter-management-system/src/main/resources
2024-10-26 17:02:41,186 [Worker-36: Launching ShelterManagementSystem] INFO  o.a.m.s.f.DefaultMavenResourcesFiltering - skip non existing resourceDirectory /Users/ketamagemechu/Documents/EShelterSystem/shelter-management-system/src/test/resources
2024-10-26 17:03:40,701 [Worker-35: Launching ShelterManagementSystem] INFO  o.a.m.s.f.DefaultMavenResourcesFiltering - skip non existing resourceDirectory /Users/ketamagemechu/Documents/EShelterSystem/shelter-management-system/src/main/resources
2024-10-26 17:03:40,703 [Worker-35: Launching ShelterManagementSystem] INFO  o.a.m.s.f.DefaultMavenResourcesFiltering - skip non existing resourceDirectory /Users/ketamagemechu/Documents/EShelterSystem/shelter-management-system/src/test/resources
2024-10-26 17:03:52,978 [Worker-38: Launching ShelterManagementSystem] INFO  o.a.m.s.f.DefaultMavenResourcesFiltering - skip non existing resourceDirectory /Users/ketamagemechu/Documents/EShelterSystem/shelter-management-system/src/main/resources
2024-10-26 17:03:52,980 [Worker-38: Launching ShelterManagementSystem] INFO  o.a.m.s.f.DefaultMavenResourcesFiltering - skip non existing resourceDirectory /Users/ketamagemechu/Documents/EShelterSystem/shelter-management-system/src/test/resources
2024-10-26 17:39:14,145 [Worker-41: Launching ShelterManagementSystem] INFO  o.a.m.s.f.DefaultMavenResourcesFiltering - skip non existing resourceDirectory /Users/ketamagemechu/Documents/EShelterSystem/shelter-management-system/src/main/resources
2024-10-26 17:39:14,151 [Worker-41: Launching ShelterManagementSystem] INFO  o.a.m.s.f.DefaultMavenResourcesFiltering - skip non existing resourceDirectory /Users/ketamagemechu/Documents/EShelterSystem/shelter-management-system/src/test/resources
2024-10-27 00:30:18,168 [Worker-4: Loading available Gradle versions] INFO  o.e.b.c.i.u.g.PublishedGradleVersions - Gradle version information cache is out-of-date. Trying to update.
2024-10-27 00:30:50,603 [main] INFO  o.e.m.jdt.internal.UnitTestSupport - Updating AppTest from maven configuration
2024-10-27 00:36:44,590 [Worker-21: Launching ShelterManagementSystem] INFO  o.a.m.s.f.DefaultMavenResourcesFiltering - skip non existing resourceDirectory /Users/ketamagemechu/Documents/EShelterSystem/shelter-management-system/src/main/resources
2024-10-27 00:36:44,591 [Worker-21: Launching ShelterManagementSystem] INFO  o.a.m.s.f.DefaultMavenResourcesFiltering - skip non existing resourceDirectory /Users/ketamagemechu/Documents/EShelterSystem/shelter-management-system/src/test/resources
2024-10-27 00:38:14,827 [Worker-25: Launching ShelterManagementSystem] INFO  o.a.m.s.f.DefaultMavenResourcesFiltering - skip non existing resourceDirectory /Users/ketamagemechu/Documents/EShelterSystem/shelter-management-system/src/main/resources
2024-10-27 00:38:14,828 [Worker-25: Launching ShelterManagementSystem] INFO  o.a.m.s.f.DefaultMavenResourcesFiltering - skip non existing resourceDirectory /Users/ketamagemechu/Documents/EShelterSystem/shelter-management-system/src/test/resources
2024-10-27 00:38:47,467 [Worker-24: Launching ShelterManagementSystem] INFO  o.a.m.s.f.DefaultMavenResourcesFiltering - skip non existing resourceDirectory /Users/ketamagemechu/Documents/EShelterSystem/shelter-management-system/src/main/resources
2024-10-27 00:38:47,468 [Worker-24: Launching ShelterManagementSystem] INFO  o.a.m.s.f.DefaultMavenResourcesFiltering - skip non existing resourceDirectory /Users/ketamagemechu/Documents/EShelterSystem/shelter-management-system/src/test/resources
2024-10-27 00:38:56,289 [Worker-29: Launching ShelterManagementSystem] INFO  o.a.m.s.f.DefaultMavenResourcesFiltering - skip non existing resourceDirectory /Users/ketamagemechu/Documents/EShelterSystem/shelter-management-system/src/main/resources
2024-10-27 00:38:56,289 [Worker-29: Launching ShelterManagementSystem] INFO  o.a.m.s.f.DefaultMavenResourcesFiltering - skip non existing resourceDirectory /Users/ketamagemechu/Documents/EShelterSystem/shelter-management-system/src/test/resources
2024-10-27 00:39:02,959 [Worker-26: Launching ShelterManagementSystem] INFO  o.a.m.s.f.DefaultMavenResourcesFiltering - skip non existing resourceDirectory /Users/ketamagemechu/Documents/EShelterSystem/shelter-management-system/src/main/resources
2024-10-27 00:39:02,960 [Worker-26: Launching ShelterManagementSystem] INFO  o.a.m.s.f.DefaultMavenResourcesFiltering - skip non existing resourceDirectory /Users/ketamagemechu/Documents/EShelterSystem/shelter-management-system/src/test/resources
2024-10-27 00:49:03,559 [Worker-32: Launching ShelterManagementSystem] INFO  o.a.m.s.f.DefaultMavenResourcesFiltering - skip non existing resourceDirectory /Users/ketamagemechu/Documents/EShelterSystem/shelter-management-system/src/main/resources
2024-10-27 00:49:03,560 [Worker-32: Launching ShelterManagementSystem] INFO  o.a.m.s.f.DefaultMavenResourcesFiltering - skip non existing resourceDirectory /Users/ketamagemechu/Documents/EShelterSystem/shelter-management-system/src/test/resources
2024-10-27 01:29:43,348 [Worker-40: Launching ShelterManagementSystem] INFO  o.a.m.s.f.DefaultMavenResourcesFiltering - skip non existing resourceDirectory /Users/ketamagemechu/Documents/EShelterSystem/shelter-management-system/src/main/resources
2024-10-27 01:29:43,349 [Worker-40: Launching ShelterManagementSystem] INFO  o.a.m.s.f.DefaultMavenResourcesFiltering - skip non existing resourceDirectory /Users/ketamagemechu/Documents/EShelterSystem/shelter-management-system/src/test/resources
2024-10-27 01:35:03,171 [Worker-43: Launching ShelterManagementSystem] INFO  o.a.m.s.f.DefaultMavenResourcesFiltering - skip non existing resourceDirectory /Users/ketamagemechu/Documents/EShelterSystem/shelter-management-system/src/main/resources
2024-10-27 01:35:03,173 [Worker-43: Launching ShelterManagementSystem] INFO  o.a.m.s.f.DefaultMavenResourcesFiltering - skip non existing resourceDirectory /Users/ketamagemechu/Documents/EShelterSystem/shelter-management-system/src/test/resources
2024-10-27 01:38:06,612 [Worker-43: Building] INFO  o.e.m.c.i.l.LifecycleMappingFactory - Using org.eclipse.m2e.jdt.JarLifecycleMapping lifecycle mapping for MavenProject: emergenceshelter:shelter-management-system:0.0.1-SNAPSHOT @ /Users/ketamagemechu/Documents/EShelterSystem/shelter-management-system/pom.xml.
2024-10-27 01:38:06,657 [Worker-43: Building] INFO  o.a.m.s.f.DefaultMavenResourcesFiltering - skip non existing resourceDirectory /Users/ketamagemechu/Documents/EShelterSystem/shelter-management-system/src/main/resources
2024-10-27 01:38:06,658 [Worker-43: Building] INFO  o.a.m.s.f.DefaultMavenResourcesFiltering - skip non existing resourceDirectory /Users/ketamagemechu/Documents/EShelterSystem/shelter-management-system/src/test/resources
2024-10-27 01:38:25,996 [Worker-47: Updating Maven Project] INFO  o.e.m.c.i.p.ProjectConfigurationManager - Update started
2024-10-27 01:38:26,009 [Worker-47: Updating Maven Project] INFO  o.e.m.c.i.l.LifecycleMappingFactory - Using org.eclipse.m2e.jdt.JarLifecycleMapping lifecycle mapping for MavenProject: emergenceshelter:shelter-management-system:0.0.1-SNAPSHOT @ /Users/ketamagemechu/Documents/EShelterSystem/shelter-management-system/pom.xml.
2024-10-27 01:38:26,063 [Worker-47: Updating Maven Project] INFO  o.e.m.j.i.AbstractJavaProjectConfigurator - Adding source folder /shelter-management-system/src/main/java
2024-10-27 01:38:26,064 [Worker-47: Updating Maven Project] INFO  o.e.m.j.i.AbstractJavaProjectConfigurator - Adding resource folder /shelter-management-system/src/main/resources
2024-10-27 01:38:26,064 [Worker-47: Updating Maven Project] INFO  o.e.m.j.i.AbstractJavaProjectConfigurator - Adding source folder /shelter-management-system/src/test/java
2024-10-27 01:38:26,064 [Worker-47: Updating Maven Project] INFO  o.e.m.j.i.AbstractJavaProjectConfigurator - Adding resource folder /shelter-management-system/src/test/resources
2024-10-27 01:38:26,076 [Worker-47: Updating Maven Project] INFO  o.e.m.jdt.internal.UnitTestSupport - Reset launch configuration name: ResidentTest
2024-10-27 01:38:26,076 [Worker-47: Updating Maven Project] INFO  o.e.m.jdt.internal.UnitTestSupport - Updating ResidentTest from maven configuration
2024-10-27 01:38:26,310 [Worker-47: Updating Maven Project] INFO  o.e.m.jdt.internal.UnitTestSupport - Reset launch configuration name: TestingAdmin
2024-10-27 01:38:26,310 [Worker-47: Updating Maven Project] INFO  o.e.m.jdt.internal.UnitTestSupport - Updating TestingAdmin from maven configuration
2024-10-27 01:38:26,312 [Worker-47: Updating Maven Project] INFO  o.e.m.jdt.internal.UnitTestSupport - Reset launch configuration name: emergenceshelter.management.app
2024-10-27 01:38:26,312 [Worker-47: Updating Maven Project] INFO  o.e.m.jdt.internal.UnitTestSupport - Updating emergenceshelter.management.app from maven configuration
2024-10-27 01:38:26,312 [Worker-47: Updating Maven Project] INFO  o.e.m.jdt.internal.UnitTestSupport - Reset launch configuration name: AppTest
2024-10-27 01:38:26,312 [Worker-47: Updating Maven Project] INFO  o.e.m.jdt.internal.UnitTestSupport - Updating AppTest from maven configuration
2024-10-27 01:38:26,399 [Worker-47: Updating Maven Project] INFO  o.e.m.c.i.p.ProjectConfigurationManager - Update completed for 1 poms: local refresh takes 0.00 sec, refresh facades takes 0.00 sec, update config takes 0.00 sec 
2024-10-27 01:38:26,613 [Worker-47: Building] INFO  o.a.m.s.f.DefaultMavenResourcesFiltering - skip non existing resourceDirectory /Users/ketamagemechu/Documents/EShelterSystem/shelter-management-system/src/main/resources
2024-10-27 01:38:26,615 [Worker-47: Building] INFO  o.a.m.s.f.DefaultMavenResourcesFiltering - skip non existing resourceDirectory /Users/ketamagemechu/Documents/EShelterSystem/shelter-management-system/src/test/resources
2024-10-27 02:00:45,239 [Worker-47: Launching ShelterManagementSystem] INFO  o.a.m.s.f.DefaultMavenResourcesFiltering - skip non existing resourceDirectory /Users/ketamagemechu/Documents/EShelterSystem/shelter-management-system/src/main/resources
2024-10-27 02:00:45,241 [Worker-47: Launching ShelterManagementSystem] INFO  o.a.m.s.f.DefaultMavenResourcesFiltering - skip non existing resourceDirectory /Users/ketamagemechu/Documents/EShelterSystem/shelter-management-system/src/test/resources
2024-10-27 02:01:31,267 [Worker-46: Launching ShelterManagementSystem] INFO  o.a.m.s.f.DefaultMavenResourcesFiltering - skip non existing resourceDirectory /Users/ketamagemechu/Documents/EShelterSystem/shelter-management-system/src/main/resources
2024-10-27 02:01:31,268 [Worker-46: Launching ShelterManagementSystem] INFO  o.a.m.s.f.DefaultMavenResourcesFiltering - skip non existing resourceDirectory /Users/ketamagemechu/Documents/EShelterSystem/shelter-management-system/src/test/resources
2024-10-27 02:02:10,975 [Worker-52: Launching ShelterManagementSystem] INFO  o.a.m.s.f.DefaultMavenResourcesFiltering - skip non existing resourceDirectory /Users/ketamagemechu/Documents/EShelterSystem/shelter-management-system/src/main/resources
2024-10-27 02:02:10,977 [Worker-52: Launching ShelterManagementSystem] INFO  o.a.m.s.f.DefaultMavenResourcesFiltering - skip non existing resourceDirectory /Users/ketamagemechu/Documents/EShelterSystem/shelter-management-system/src/test/resources
2024-10-27 02:04:05,298 [Worker-52: Launching ShelterManagementSystem] INFO  o.a.m.s.f.DefaultMavenResourcesFiltering - skip non existing resourceDirectory /Users/ketamagemechu/Documents/EShelterSystem/shelter-management-system/src/main/resources
2024-10-27 02:04:05,300 [Worker-52: Launching ShelterManagementSystem] INFO  o.a.m.s.f.DefaultMavenResourcesFiltering - skip non existing resourceDirectory /Users/ketamagemechu/Documents/EShelterSystem/shelter-management-system/src/test/resources
2024-10-27 03:26:03,344 [Worker-60: Launching ShelterManagementSystem] INFO  o.a.m.s.f.DefaultMavenResourcesFiltering - skip non existing resourceDirectory /Users/ketamagemechu/Documents/EShelterSystem/shelter-management-system/src/main/resources
2024-10-27 03:26:03,346 [Worker-60: Launching ShelterManagementSystem] INFO  o.a.m.s.f.DefaultMavenResourcesFiltering - skip non existing resourceDirectory /Users/ketamagemechu/Documents/EShelterSystem/shelter-management-system/src/test/resources
2024-10-27 03:29:44,609 [Worker-59: Launching ShelterManagementSystem] INFO  o.a.m.s.f.DefaultMavenResourcesFiltering - skip non existing resourceDirectory /Users/ketamagemechu/Documents/EShelterSystem/shelter-management-system/src/main/resources
2024-10-27 03:29:44,612 [Worker-59: Launching ShelterManagementSystem] INFO  o.a.m.s.f.DefaultMavenResourcesFiltering - skip non existing resourceDirectory /Users/ketamagemechu/Documents/EShelterSystem/shelter-management-system/src/test/resources
2024-10-27 03:31:06,325 [Worker-66: Launching ShelterManagementSystem] INFO  o.a.m.s.f.DefaultMavenResourcesFiltering - skip non existing resourceDirectory /Users/ketamagemechu/Documents/EShelterSystem/shelter-management-system/src/main/resources
2024-10-27 03:31:06,327 [Worker-66: Launching ShelterManagementSystem] INFO  o.a.m.s.f.DefaultMavenResourcesFiltering - skip non existing resourceDirectory /Users/ketamagemechu/Documents/EShelterSystem/shelter-management-system/src/test/resources
2024-10-27 03:34:00,997 [Worker-66: Launching ShelterManagementSystem] INFO  o.a.m.s.f.DefaultMavenResourcesFiltering - skip non existing resourceDirectory /Users/ketamagemechu/Documents/EShelterSystem/shelter-management-system/src/main/resources
2024-10-27 03:34:00,998 [Worker-66: Launching ShelterManagementSystem] INFO  o.a.m.s.f.DefaultMavenResourcesFiltering - skip non existing resourceDirectory /Users/ketamagemechu/Documents/EShelterSystem/shelter-management-system/src/test/resources
2024-10-27 03:34:13,104 [Worker-73: Launching ShelterManagementSystem] INFO  o.a.m.s.f.DefaultMavenResourcesFiltering - skip non existing resourceDirectory /Users/ketamagemechu/Documents/EShelterSystem/shelter-management-system/src/main/resources
2024-10-27 03:34:13,106 [Worker-73: Launching ShelterManagementSystem] INFO  o.a.m.s.f.DefaultMavenResourcesFiltering - skip non existing resourceDirectory /Users/ketamagemechu/Documents/EShelterSystem/shelter-management-system/src/test/resources
2024-10-27 09:33:36,387 [Worker-1: Loading available Gradle versions] INFO  o.e.b.c.i.u.g.PublishedGradleVersions - Gradle version information cache is up-to-date. Trying to read.
2024-10-27 12:55:52,614 [Worker-7: Loading available Gradle versions] INFO  o.e.b.c.i.u.g.PublishedGradleVersions - Gradle version information cache is up-to-date. Trying to read.
2024-10-27 13:43:16,744 [Worker-7: Loading available Gradle versions] INFO  o.e.b.c.i.u.g.PublishedGradleVersions - Gradle version information cache is up-to-date. Trying to read.
2024-10-27 13:53:09,057 [Worker-9: Launching ShelterManagementSystem] INFO  o.a.m.s.f.DefaultMavenResourcesFiltering - skip non existing resourceDirectory /Users/ketamagemechu/Documents/EShelterSystem/shelter-management-system/src/main/resources
2024-10-27 13:53:09,060 [Worker-9: Launching ShelterManagementSystem] INFO  o.a.m.s.f.DefaultMavenResourcesFiltering - skip non existing resourceDirectory /Users/ketamagemechu/Documents/EShelterSystem/shelter-management-system/src/test/resources
2024-10-27 13:53:56,437 [Worker-27: Launching ShelterManagementSystem] INFO  o.a.m.s.f.DefaultMavenResourcesFiltering - skip non existing resourceDirectory /Users/ketamagemechu/Documents/EShelterSystem/shelter-management-system/src/main/resources
2024-10-27 13:53:56,438 [Worker-27: Launching ShelterManagementSystem] INFO  o.a.m.s.f.DefaultMavenResourcesFiltering - skip non existing resourceDirectory /Users/ketamagemechu/Documents/EShelterSystem/shelter-management-system/src/test/resources
2024-10-27 14:13:55,123 [Worker-7: Loading available Gradle versions] INFO  o.e.b.c.i.u.g.PublishedGradleVersions - Gradle version information cache is up-to-date. Trying to read.
2024-10-27 14:26:24,961 [Worker-25: Launching ShelterManagementSystem] INFO  o.a.m.s.f.DefaultMavenResourcesFiltering - skip non existing resourceDirectory /Users/ketamagemechu/Documents/EShelterSystem/shelter-management-system/src/main/resources
2024-10-27 14:26:24,963 [Worker-25: Launching ShelterManagementSystem] INFO  o.a.m.s.f.DefaultMavenResourcesFiltering - skip non existing resourceDirectory /Users/ketamagemechu/Documents/EShelterSystem/shelter-management-system/src/test/resources
2024-10-27 14:31:41,605 [Worker-9: Loading available Gradle versions] INFO  o.e.b.c.i.u.g.PublishedGradleVersions - Gradle version information cache is up-to-date. Trying to read.
2024-10-27 14:35:59,635 [Worker-1: Loading available Gradle versions] INFO  o.e.b.c.i.u.g.PublishedGradleVersions - Gradle version information cache is up-to-date. Trying to read.
2024-10-27 14:45:03,568 [Worker-30: Building] INFO  o.a.m.s.f.DefaultMavenResourcesFiltering - skip non existing resourceDirectory /Users/ketamagemechu/Documents/EShelterSystem/shelter-management-system/src/main/resources
2024-10-27 14:45:03,570 [Worker-30: Building] INFO  o.a.m.s.f.DefaultMavenResourcesFiltering - skip non existing resourceDirectory /Users/ketamagemechu/Documents/EShelterSystem/shelter-management-system/src/test/resources
2024-10-27 14:56:53,556 [Worker-33: Building] INFO  o.a.m.s.f.DefaultMavenResourcesFiltering - skip non existing resourceDirectory /Users/ketamagemechu/Documents/EShelterSystem/shelter-management-system/src/main/resources
2024-10-27 14:56:53,557 [Worker-33: Building] INFO  o.a.m.s.f.DefaultMavenResourcesFiltering - skip non existing resourceDirectory /Users/ketamagemechu/Documents/EShelterSystem/shelter-management-system/src/test/resources
2024-10-27 15:58:47,238 [Worker-45: Launching ShelterManagementSystem] INFO  o.a.m.s.f.DefaultMavenResourcesFiltering - skip non existing resourceDirectory /Users/ketamagemechu/Documents/EShelterSystem/shelter-management-system/src/main/resources
2024-10-27 15:58:47,243 [Worker-45: Launching ShelterManagementSystem] INFO  o.a.m.s.f.DefaultMavenResourcesFiltering - skip non existing resourceDirectory /Users/ketamagemechu/Documents/EShelterSystem/shelter-management-system/src/test/resources
2024-10-27 16:11:41,937 [Worker-58: Building] INFO  o.a.m.s.f.DefaultMavenResourcesFiltering - skip non existing resourceDirectory /Users/ketamagemechu/Documents/EShelterSystem/shelter-management-system/src/main/resources
2024-10-27 16:11:41,939 [Worker-58: Building] INFO  o.a.m.s.f.DefaultMavenResourcesFiltering - skip non existing resourceDirectory /Users/ketamagemechu/Documents/EShelterSystem/shelter-management-system/src/test/resources
2024-10-27 18:18:14,326 [Worker-1: Loading available Gradle versions] INFO  o.e.b.c.i.u.g.PublishedGradleVersions - Gradle version information cache is up-to-date. Trying to read.
2024-10-27 20:27:11,608 [Worker-35: Launching ShelterManagementSystem] INFO  o.a.m.s.f.DefaultMavenResourcesFiltering - skip non existing resourceDirectory /Users/ketamagemechu/Documents/EShelterSystem/shelter-management-system/src/main/resources
2024-10-27 20:27:11,611 [Worker-35: Launching ShelterManagementSystem] INFO  o.a.m.s.f.DefaultMavenResourcesFiltering - skip non existing resourceDirectory /Users/ketamagemechu/Documents/EShelterSystem/shelter-management-system/src/test/resources
